<?xml version="1.0" encoding="UTF-8"?>
<robot generator="Robot 7.2.2 (Python 3.13.2 on win32)" generated="2025-05-08T14:34:43.784609" rpa="false" schemaversion="5">
<suite id="s1" name="Test" source="C:\sanity\testcases\test.robot">
<test id="s1-t1" name="TC01 - Login" line="6">
<kw name="Login" owner="login_feature">
<kw name="Open browser" owner="login_page">
<kw name="Open Browser" owner="SeleniumLibrary">
<msg time="2025-05-08T14:34:44.758633" level="INFO">Opening browser 'chrome' to base url 'https://sit.doppio-tech.com/login'.</msg>
<arg>${URL}</arg>
<arg>${BROWSER}</arg>
<doc>Opens a new browser instance to the optional ``url``.</doc>
<status status="PASS" start="2025-05-08T14:34:44.758398" elapsed="4.450439"/>
</kw>
<arg>${url}</arg>
<arg>${browser}</arg>
<status status="PASS" start="2025-05-08T14:34:44.757415" elapsed="4.452891"/>
</kw>
<kw name="Input username" owner="login_page">
<kw name="Wait Until Element Is Visible" owner="SeleniumLibrary">
<arg>${login_locator.username}</arg>
<arg>5s</arg>
<doc>Waits until the element ``locator`` is visible.</doc>
<status status="PASS" start="2025-05-08T14:34:49.212389" elapsed="0.248609"/>
</kw>
<kw name="Input Text" owner="SeleniumLibrary">
<msg time="2025-05-08T14:34:49.461717" level="INFO">Typing text 'perapat@gmail.com' into text field 'id=basic_username'.</msg>
<arg>${login_locator.username}</arg>
<arg>${USERNAME}</arg>
<doc>Types the given ``text`` into the text field identified by ``locator``.</doc>
<status status="PASS" start="2025-05-08T14:34:49.461388" elapsed="0.802620"/>
</kw>
<arg>${username}</arg>
<status status="PASS" start="2025-05-08T14:34:49.211288" elapsed="1.052858"/>
</kw>
<kw name="Input password" owner="login_page">
<kw name="Input Text" owner="SeleniumLibrary">
<msg time="2025-05-08T14:34:50.265427" level="INFO">Typing text 'Perapat123*' into text field 'id=basic_password'.</msg>
<arg>${login_locator.password}</arg>
<arg>${PASSWORD}</arg>
<doc>Types the given ``text`` into the text field identified by ``locator``.</doc>
<status status="PASS" start="2025-05-08T14:34:50.265132" elapsed="0.615279"/>
</kw>
<arg>${password}</arg>
<status status="PASS" start="2025-05-08T14:34:50.264534" elapsed="0.615986"/>
</kw>
<kw name="Click signin" owner="login_page">
<kw name="Click Element" owner="SeleniumLibrary">
<msg time="2025-05-08T14:34:50.881083" level="INFO">Clicking element 'css:.ant-btn.ant-btn-primary.btn-login'.</msg>
<arg>${login_locator.signin}</arg>
<doc>Click the element identified by ``locator``.</doc>
<status status="PASS" start="2025-05-08T14:34:50.880923" elapsed="0.249755"/>
</kw>
<status status="PASS" start="2025-05-08T14:34:50.880688" elapsed="0.250390"/>
</kw>
<status status="PASS" start="2025-05-08T14:34:44.755664" elapsed="6.375546"/>
</kw>
<status status="PASS" start="2025-05-08T14:34:44.752950" elapsed="6.379437"/>
</test>
<test id="s1-t2" name="TC02 - Verify that user can create single test case" line="9">
<kw name="Login" owner="login_feature">
<kw name="Open browser" owner="login_page">
<kw name="Open Browser" owner="SeleniumLibrary">
<msg time="2025-05-08T14:34:51.140647" level="INFO">Opening browser 'chrome' to base url 'https://sit.doppio-tech.com/login'.</msg>
<arg>${URL}</arg>
<arg>${BROWSER}</arg>
<doc>Opens a new browser instance to the optional ``url``.</doc>
<status status="PASS" start="2025-05-08T14:34:51.139999" elapsed="3.817489"/>
</kw>
<arg>${url}</arg>
<arg>${browser}</arg>
<status status="PASS" start="2025-05-08T14:34:51.138877" elapsed="3.818986"/>
</kw>
<kw name="Input username" owner="login_page">
<kw name="Wait Until Element Is Visible" owner="SeleniumLibrary">
<arg>${login_locator.username}</arg>
<arg>5s</arg>
<doc>Waits until the element ``locator`` is visible.</doc>
<status status="PASS" start="2025-05-08T14:34:54.959858" elapsed="0.168141"/>
</kw>
<kw name="Input Text" owner="SeleniumLibrary">
<msg time="2025-05-08T14:34:55.128830" level="INFO">Typing text 'perapat@gmail.com' into text field 'id=basic_username'.</msg>
<arg>${login_locator.username}</arg>
<arg>${USERNAME}</arg>
<doc>Types the given ``text`` into the text field identified by ``locator``.</doc>
<status status="PASS" start="2025-05-08T14:34:55.128426" elapsed="0.677079"/>
</kw>
<arg>${username}</arg>
<status status="PASS" start="2025-05-08T14:34:54.958744" elapsed="0.846982"/>
</kw>
<kw name="Input password" owner="login_page">
<kw name="Input Text" owner="SeleniumLibrary">
<msg time="2025-05-08T14:34:55.807119" level="INFO">Typing text 'Perapat123*' into text field 'id=basic_password'.</msg>
<arg>${login_locator.password}</arg>
<arg>${PASSWORD}</arg>
<doc>Types the given ``text`` into the text field identified by ``locator``.</doc>
<status status="PASS" start="2025-05-08T14:34:55.806742" elapsed="0.779643"/>
</kw>
<arg>${password}</arg>
<status status="PASS" start="2025-05-08T14:34:55.806119" elapsed="0.780768"/>
</kw>
<kw name="Click signin" owner="login_page">
<kw name="Click Element" owner="SeleniumLibrary">
<msg time="2025-05-08T14:34:56.589193" level="INFO">Clicking element 'css:.ant-btn.ant-btn-primary.btn-login'.</msg>
<arg>${login_locator.signin}</arg>
<doc>Click the element identified by ``locator``.</doc>
<status status="PASS" start="2025-05-08T14:34:56.588483" elapsed="0.212421"/>
</kw>
<status status="PASS" start="2025-05-08T14:34:56.587690" elapsed="0.213616"/>
</kw>
<status status="PASS" start="2025-05-08T14:34:51.137603" elapsed="5.663910"/>
</kw>
<kw name="Create single test case" owner="create_single_test_case_feature">
<kw name="Click Create New Case" owner="home_page">
<kw name="Wait Until Element Is Visible" owner="SeleniumLibrary">
<arg>${home_locator.create_case}</arg>
<doc>Waits until the element ``locator`` is visible.</doc>
<status status="PASS" start="2025-05-08T14:34:56.804672" elapsed="0.695177"/>
</kw>
<kw name="Click Element" owner="SeleniumLibrary">
<msg time="2025-05-08T14:34:57.500716" level="INFO">Clicking element 'id=btn-createcase'.</msg>
<arg>${home_locator.create_case}</arg>
<doc>Click the element identified by ``locator``.</doc>
<status status="PASS" start="2025-05-08T14:34:57.500471" elapsed="1.495146"/>
</kw>
<status status="PASS" start="2025-05-08T14:34:56.804268" elapsed="2.192122"/>
</kw>
<kw name="Click New Icon" owner="home_page">
<kw name="Click Element" owner="SeleniumLibrary">
<msg time="2025-05-08T14:34:58.998718" level="INFO">Clicking element 'xpath=//div[@class='new']/a'.</msg>
<arg>${home_locator.new_icon}</arg>
<doc>Click the element identified by ``locator``.</doc>
<status status="PASS" start="2025-05-08T14:34:58.998250" elapsed="0.728717"/>
</kw>
<status status="PASS" start="2025-05-08T14:34:58.997607" elapsed="0.729709"/>
</kw>
<kw name="Input name" owner="home_page">
<kw name="Generate Random String" owner="String">
<msg time="2025-05-08T14:34:59.729532" level="INFO">${random} = Djjw</msg>
<var>${random}</var>
<arg>4</arg>
<arg>[LETTERS]</arg>
<doc>Generates a string with a desired ``length`` from the given ``chars``.</doc>
<status status="PASS" start="2025-05-08T14:34:59.729116" elapsed="0.000460"/>
</kw>
<kw name="Set Variable" owner="BuiltIn">
<msg time="2025-05-08T14:34:59.730060" level="INFO">${TC_NAME} = TC01-Djjw</msg>
<var>${TC_NAME}</var>
<arg>TC01-${random}</arg>
<doc>Returns the given values which can then be assigned to a variables.</doc>
<status status="PASS" start="2025-05-08T14:34:59.729817" elapsed="0.000288"/>
</kw>
<kw name="Set Suite Variable" owner="BuiltIn">
<msg time="2025-05-08T14:34:59.730721" level="INFO">${TC_NAME} = TC01-Djjw</msg>
<arg>${TC_NAME}</arg>
<arg>${TC_NAME}</arg>
<doc>Makes a variable available everywhere within the scope of the current suite.</doc>
<status status="PASS" start="2025-05-08T14:34:59.730322" elapsed="0.000464"/>
</kw>
<kw name="Input Text" owner="SeleniumLibrary">
<msg time="2025-05-08T14:34:59.731349" level="INFO">Typing text 'TC01-Djjw' into text field 'id=basic_name'.</msg>
<arg>${home_locator.input_name}</arg>
<arg>${TC_NAME}</arg>
<doc>Types the given ``text`` into the text field identified by ``locator``.</doc>
<status status="PASS" start="2025-05-08T14:34:59.731045" elapsed="0.355008"/>
</kw>
<status status="PASS" start="2025-05-08T14:34:59.727821" elapsed="0.358611"/>
</kw>
<kw name="Click product dropdown list" owner="home_page">
<kw name="Click Element" owner="SeleniumLibrary">
<msg time="2025-05-08T14:35:00.087657" level="INFO">Clicking element 'xpath=(//div[@class='ant-form-item-control-input'])[2]//span[contains(@class, 'ant-select-selection-item')]'.</msg>
<arg>${home_locator.product_dropdown_list}</arg>
<doc>Click the element identified by ``locator``.</doc>
<status status="PASS" start="2025-05-08T14:35:00.087268" elapsed="0.328376"/>
</kw>
<status status="PASS" start="2025-05-08T14:35:00.086835" elapsed="0.328992"/>
</kw>
<kw name="Select Product" owner="home_page">
<kw name="Wait Until Element Is Visible" owner="SeleniumLibrary">
<arg>${home_locator.select_product}</arg>
<arg>5s</arg>
<doc>Waits until the element ``locator`` is visible.</doc>
<status status="PASS" start="2025-05-08T14:35:00.416634" elapsed="0.038488"/>
</kw>
<kw name="Click Element" owner="SeleniumLibrary">
<msg time="2025-05-08T14:35:00.456659" level="INFO">Clicking element 'xpath=//div[@class='ant-select-item-option-content' and text()='product01']'.</msg>
<arg>${home_locator.select_product}</arg>
<doc>Click the element identified by ``locator``.</doc>
<status status="PASS" start="2025-05-08T14:35:00.455685" elapsed="0.435559"/>
</kw>
<arg>${product}</arg>
<status status="PASS" start="2025-05-08T14:35:00.416125" elapsed="0.475494"/>
</kw>
<kw name="Select Priority" owner="home_page">
<kw name="Sleep" owner="BuiltIn">
<msg time="2025-05-08T14:35:01.894380" level="INFO">Slept 1 second.</msg>
<arg>1s</arg>
<doc>Pauses the test executed for the given time.</doc>
<status status="PASS" start="2025-05-08T14:35:00.893415" elapsed="1.001195"/>
</kw>
<kw name="Click Element" owner="SeleniumLibrary">
<msg time="2025-05-08T14:35:01.895556" level="INFO">Clicking element 'xpath=//label[@for='basic_priority']/ancestor::div[contains(@class, 'ant-form-item')]//div[contains(@class, 'ant-select-selector')]'.</msg>
<arg>${home_locator.priority_dropdown_list}</arg>
<doc>Click the element identified by ``locator``.</doc>
<status status="PASS" start="2025-05-08T14:35:01.895080" elapsed="0.200053"/>
</kw>
<kw name="Sleep" owner="BuiltIn">
<msg time="2025-05-08T14:35:03.096709" level="INFO">Slept 1 second.</msg>
<arg>1s</arg>
<doc>Pauses the test executed for the given time.</doc>
<status status="PASS" start="2025-05-08T14:35:02.095605" elapsed="1.001321"/>
</kw>
<kw name="Execute Javascript" owner="SeleniumLibrary">
<msg time="2025-05-08T14:35:03.098352" level="INFO">Executing JavaScript:
const opt = [...document.querySelectorAll("div.ant-select-item-option-content")].find(el =&gt; el.innerText.trim() === 'High' &amp;&amp; el.offsetParent !== null); if (opt) opt.click();
Without any arguments.</msg>
<arg>const opt = [...document.querySelectorAll("div.ant-select-item-option-content")].find(el =&gt; el.innerText.trim() === '${PRIORITY_NAME}' &amp;&amp; el.offsetParent !== null); if (opt) opt.click();</arg>
<doc>Executes the given JavaScript code with possible arguments.</doc>
<status status="PASS" start="2025-05-08T14:35:03.097430" elapsed="0.038648"/>
</kw>
<arg>${priority}</arg>
<status status="PASS" start="2025-05-08T14:35:00.892183" elapsed="2.244322"/>
</kw>
<kw name="Select Complexity" owner="home_page">
<kw name="Sleep" owner="BuiltIn">
<msg time="2025-05-08T14:35:04.139362" level="INFO">Slept 1 second.</msg>
<arg>1s</arg>
<doc>Pauses the test executed for the given time.</doc>
<status status="PASS" start="2025-05-08T14:35:03.138034" elapsed="1.001561"/>
</kw>
<kw name="Click Element" owner="SeleniumLibrary">
<msg time="2025-05-08T14:35:04.140586" level="INFO">Clicking element 'xpath=//label[@for='basic_complexity']/ancestor::div[contains(@class, 'ant-form-item')]//div[contains(@class, 'ant-select-selector')]'.</msg>
<arg>${home_locator.complexity_dropdown_list}</arg>
<doc>Click the element identified by ``locator``.</doc>
<status status="PASS" start="2025-05-08T14:35:04.140100" elapsed="0.177738"/>
</kw>
<kw name="Sleep" owner="BuiltIn">
<msg time="2025-05-08T14:35:05.319747" level="INFO">Slept 1 second.</msg>
<arg>1s</arg>
<doc>Pauses the test executed for the given time.</doc>
<status status="PASS" start="2025-05-08T14:35:04.318564" elapsed="1.001409"/>
</kw>
<kw name="Execute Javascript" owner="SeleniumLibrary">
<msg time="2025-05-08T14:35:05.321914" level="INFO">Executing JavaScript:
const opt = [...document.querySelectorAll("div.ant-select-item-option-content")].find(el =&gt; el.innerText.trim() === 'High' &amp;&amp; el.offsetParent !== null); if (opt) opt.click();
Without any arguments.</msg>
<arg>const opt = [...document.querySelectorAll("div.ant-select-item-option-content")].find(el =&gt; el.innerText.trim() === '${COMPLEXITY_NAME}' &amp;&amp; el.offsetParent !== null); if (opt) opt.click();</arg>
<doc>Executes the given JavaScript code with possible arguments.</doc>
<status status="PASS" start="2025-05-08T14:35:05.320437" elapsed="0.035675"/>
</kw>
<arg>${complexity}</arg>
<status status="PASS" start="2025-05-08T14:35:03.137421" elapsed="2.218878"/>
</kw>
<kw name="Select Automation Status" owner="home_page">
<kw name="Sleep" owner="BuiltIn">
<msg time="2025-05-08T14:35:06.358773" level="INFO">Slept 1 second.</msg>
<arg>1s</arg>
<doc>Pauses the test executed for the given time.</doc>
<status status="PASS" start="2025-05-08T14:35:05.357314" elapsed="1.001772"/>
</kw>
<kw name="Click Element" owner="SeleniumLibrary">
<msg time="2025-05-08T14:35:06.360081" level="INFO">Clicking element 'xpath=//label[@for='basic_automation_status']/ancestor::div[contains(@class, 'ant-form-item')]//div[contains(@class, 'ant-select-selector')]'.</msg>
<arg>${home_locator.automation_status_dropdown_list}</arg>
<doc>Click the element identified by ``locator``.</doc>
<status status="PASS" start="2025-05-08T14:35:06.359591" elapsed="0.175690"/>
</kw>
<kw name="Sleep" owner="BuiltIn">
<msg time="2025-05-08T14:35:07.536704" level="INFO">Slept 1 second.</msg>
<arg>1s</arg>
<doc>Pauses the test executed for the given time.</doc>
<status status="PASS" start="2025-05-08T14:35:06.535524" elapsed="1.001528"/>
</kw>
<kw name="Execute Javascript" owner="SeleniumLibrary">
<msg time="2025-05-08T14:35:07.539088" level="INFO">Executing JavaScript:
const opt = [...document.querySelectorAll("div.ant-select-item-option-content")].find(el =&gt; el.innerText.trim() === 'Not automated' &amp;&amp; el.offsetParent !== null); if (opt) opt.click();
Without any arguments.</msg>
<arg>const opt = [...document.querySelectorAll("div.ant-select-item-option-content")].find(el =&gt; el.innerText.trim() === '${AUTOMATION_STATUS}' &amp;&amp; el.offsetParent !== null); if (opt) opt.click();</arg>
<doc>Executes the given JavaScript code with possible arguments.</doc>
<status status="PASS" start="2025-05-08T14:35:07.537740" elapsed="0.040375"/>
</kw>
<arg>${automation_status}</arg>
<status status="PASS" start="2025-05-08T14:35:05.356701" elapsed="2.221879"/>
</kw>
<kw name="Select Tags" owner="home_page">
<kw name="Sleep" owner="BuiltIn">
<msg time="2025-05-08T14:35:08.581058" level="INFO">Slept 1 second.</msg>
<arg>1s</arg>
<doc>Pauses the test executed for the given time.</doc>
<status status="PASS" start="2025-05-08T14:35:07.579960" elapsed="1.001404"/>
</kw>
<kw name="Click Element" owner="SeleniumLibrary">
<msg time="2025-05-08T14:35:08.582045" level="INFO">Clicking element 'xpath=//label[@for='basic_tags']/parent::div/following-sibling::div//span[contains(@class, 'text-select')]'.</msg>
<arg>${home_locator.tag_checkbox}</arg>
<doc>Click the element identified by ``locator``.</doc>
<status status="PASS" start="2025-05-08T14:35:08.581693" elapsed="0.161412"/>
</kw>
<kw name="Sleep" owner="BuiltIn">
<msg time="2025-05-08T14:35:09.744263" level="INFO">Slept 1 second.</msg>
<arg>1s</arg>
<doc>Pauses the test executed for the given time.</doc>
<status status="PASS" start="2025-05-08T14:35:08.743569" elapsed="1.000907"/>
</kw>
<for flavor="IN">
<iter>
<kw name="Set Variable" owner="BuiltIn">
<msg time="2025-05-08T14:35:09.746169" level="INFO">${script} = const el = [...document.querySelectorAll("label.ant-checkbox-wrapper")].find(el =&gt; el.innerText.trim() === 'bambootag3'); if (el) el.click();</msg>
<var>${script}</var>
<arg>const el = [...document.querySelectorAll("label.ant-checkbox-wrapper")].find(el =&gt; el.innerText.trim() === '${tag}'); if (el) el.click();</arg>
<doc>Returns the given values which can then be assigned to a variables.</doc>
<status status="PASS" start="2025-05-08T14:35:09.745782" elapsed="0.000454"/>
</kw>
<kw name="Execute Javascript" owner="SeleniumLibrary">
<msg time="2025-05-08T14:35:09.747627" level="INFO">Executing JavaScript:
const el = [...document.querySelectorAll("label.ant-checkbox-wrapper")].find(el =&gt; el.innerText.trim() === 'bambootag3'); if (el) el.click();
Without any arguments.</msg>
<arg>${script}</arg>
<doc>Executes the given JavaScript code with possible arguments.</doc>
<status status="PASS" start="2025-05-08T14:35:09.746683" elapsed="0.030512"/>
</kw>
<kw name="Sleep" owner="BuiltIn">
<msg time="2025-05-08T14:35:10.078467" level="INFO">Slept 300 milliseconds.</msg>
<arg>0.3s</arg>
<doc>Pauses the test executed for the given time.</doc>
<status status="PASS" start="2025-05-08T14:35:09.777812" elapsed="0.300846"/>
</kw>
<var name="${tag}">bambootag3</var>
<status status="PASS" start="2025-05-08T14:35:09.745399" elapsed="0.333383"/>
</iter>
<iter>
<kw name="Set Variable" owner="BuiltIn">
<msg time="2025-05-08T14:35:10.080063" level="INFO">${script} = const el = [...document.querySelectorAll("label.ant-checkbox-wrapper")].find(el =&gt; el.innerText.trim() === 'pandaperapat2'); if (el) el.click();</msg>
<var>${script}</var>
<arg>const el = [...document.querySelectorAll("label.ant-checkbox-wrapper")].find(el =&gt; el.innerText.trim() === '${tag}'); if (el) el.click();</arg>
<doc>Returns the given values which can then be assigned to a variables.</doc>
<status status="PASS" start="2025-05-08T14:35:10.079429" elapsed="0.000779"/>
</kw>
<kw name="Execute Javascript" owner="SeleniumLibrary">
<msg time="2025-05-08T14:35:10.082286" level="INFO">Executing JavaScript:
const el = [...document.querySelectorAll("label.ant-checkbox-wrapper")].find(el =&gt; el.innerText.trim() === 'pandaperapat2'); if (el) el.click();
Without any arguments.</msg>
<arg>${script}</arg>
<doc>Executes the given JavaScript code with possible arguments.</doc>
<status status="PASS" start="2025-05-08T14:35:10.080800" elapsed="0.031615"/>
</kw>
<kw name="Sleep" owner="BuiltIn">
<msg time="2025-05-08T14:35:10.413556" level="INFO">Slept 300 milliseconds.</msg>
<arg>0.3s</arg>
<doc>Pauses the test executed for the given time.</doc>
<status status="PASS" start="2025-05-08T14:35:10.112639" elapsed="0.301260"/>
</kw>
<var name="${tag}">pandaperapat2</var>
<status status="PASS" start="2025-05-08T14:35:10.079100" elapsed="0.334942"/>
</iter>
<var>${tag}</var>
<value>@{TAGS}</value>
<status status="PASS" start="2025-05-08T14:35:09.744929" elapsed="0.669361"/>
</for>
<arg>@{tags_list}</arg>
<status status="PASS" start="2025-05-08T14:35:07.579177" elapsed="2.835289"/>
</kw>
<kw name="Select Test Case Status" owner="home_page">
<kw name="Sleep" owner="BuiltIn">
<msg time="2025-05-08T14:35:11.417622" level="INFO">Slept 1 second.</msg>
<arg>1s</arg>
<doc>Pauses the test executed for the given time.</doc>
<status status="PASS" start="2025-05-08T14:35:10.416498" elapsed="1.001472"/>
</kw>
<kw name="Click Element" owner="SeleniumLibrary">
<msg time="2025-05-08T14:35:11.418980" level="INFO">Clicking element 'xpath=//label[@for='basic_test_case_status']/ancestor::div[contains(@class, 'ant-form-item')]//div[contains(@class, 'ant-select-selector')]'.</msg>
<arg>${home_locator.test_case_status_dropdown_list}</arg>
<doc>Click the element identified by ``locator``.</doc>
<status status="PASS" start="2025-05-08T14:35:11.418682" elapsed="0.347313"/>
</kw>
<kw name="Sleep" owner="BuiltIn">
<msg time="2025-05-08T14:35:12.767372" level="INFO">Slept 1 second.</msg>
<arg>1s</arg>
<doc>Pauses the test executed for the given time.</doc>
<status status="PASS" start="2025-05-08T14:35:11.766434" elapsed="1.001384"/>
</kw>
<kw name="Execute Javascript" owner="SeleniumLibrary">
<msg time="2025-05-08T14:35:12.768624" level="INFO">Executing JavaScript:
const opt = [...document.querySelectorAll("div.ant-select-item-option-content")].find(el =&gt; el.innerText.trim() === 'Ready to Be Reviewed' &amp;&amp; el.offsetParent !== null); if (opt) opt.click();
Without any arguments.</msg>
<arg>const opt = [...document.querySelectorAll("div.ant-select-item-option-content")].find(el =&gt; el.innerText.trim() === '${STATUS_NAME}' &amp;&amp; el.offsetParent !== null); if (opt) opt.click();</arg>
<doc>Executes the given JavaScript code with possible arguments.</doc>
<status status="PASS" start="2025-05-08T14:35:12.768116" elapsed="0.030046"/>
</kw>
<arg>${status}</arg>
<status status="PASS" start="2025-05-08T14:35:10.415392" elapsed="2.383109"/>
</kw>
<kw name="Input test objective" owner="home_page">
<kw name="Input Text" owner="SeleniumLibrary">
<msg time="2025-05-08T14:35:12.799832" level="INFO">Typing text 'This is test objective' into text field 'id=basic_test_objective'.</msg>
<arg>${home_locator.input_objective}</arg>
<arg>This is test objective</arg>
<doc>Types the given ``text`` into the text field identified by ``locator``.</doc>
<status status="PASS" start="2025-05-08T14:35:12.799649" elapsed="0.828064"/>
</kw>
<kw name="Sleep" owner="BuiltIn">
<msg time="2025-05-08T14:35:14.629606" level="INFO">Slept 1 second.</msg>
<arg>1s</arg>
<doc>Pauses the test executed for the given time.</doc>
<status status="PASS" start="2025-05-08T14:35:13.628679" elapsed="1.001158"/>
</kw>
<status status="PASS" start="2025-05-08T14:35:12.799176" elapsed="1.830878"/>
</kw>
<kw name="Input test steps" owner="home_page">
<kw name="Input Text" owner="SeleniumLibrary">
<msg time="2025-05-08T14:35:14.631540" level="INFO">Typing text 'This is test step' into text field 'id=basic_teststeps'.</msg>
<arg>${home_locator.input_test_step}</arg>
<arg>This is test step</arg>
<doc>Types the given ``text`` into the text field identified by ``locator``.</doc>
<status status="PASS" start="2025-05-08T14:35:14.631117" elapsed="0.581208"/>
</kw>
<kw name="Sleep" owner="BuiltIn">
<msg time="2025-05-08T14:35:16.214176" level="INFO">Slept 1 second.</msg>
<arg>1s</arg>
<doc>Pauses the test executed for the given time.</doc>
<status status="PASS" start="2025-05-08T14:35:15.212859" elapsed="1.001594"/>
</kw>
<status status="PASS" start="2025-05-08T14:35:14.630523" elapsed="1.584133"/>
</kw>
<kw name="Input test results" owner="home_page">
<kw name="Input Text" owner="SeleniumLibrary">
<msg time="2025-05-08T14:35:16.216453" level="INFO">Typing text 'This is test result' into text field 'id=basic_expected_result'.</msg>
<arg>${home_locator.input_expected_result}</arg>
<arg>This is test result</arg>
<doc>Types the given ``text`` into the text field identified by ``locator``.</doc>
<status status="PASS" start="2025-05-08T14:35:16.215920" elapsed="0.579722"/>
</kw>
<kw name="Sleep" owner="BuiltIn">
<msg time="2025-05-08T14:35:17.797290" level="INFO">Slept 1 second.</msg>
<arg>1s</arg>
<doc>Pauses the test executed for the given time.</doc>
<status status="PASS" start="2025-05-08T14:35:16.796364" elapsed="1.001151"/>
</kw>
<status status="PASS" start="2025-05-08T14:35:16.215185" elapsed="1.582539"/>
</kw>
<kw name="Select Status" owner="home_page">
<kw name="Sleep" owner="BuiltIn">
<msg time="2025-05-08T14:35:18.799580" level="INFO">Slept 1 second.</msg>
<arg>1s</arg>
<doc>Pauses the test executed for the given time.</doc>
<status status="PASS" start="2025-05-08T14:35:17.798907" elapsed="1.000890"/>
</kw>
<kw name="Click Element" owner="SeleniumLibrary">
<msg time="2025-05-08T14:35:18.801297" level="INFO">Clicking element 'xpath=//label[text()='Status']/parent::div/following-sibling::div//div[contains(@class, 'ant-select-selector')]'.</msg>
<arg>${home_locator.status_dropdown_list}</arg>
<doc>Click the element identified by ``locator``.</doc>
<status status="PASS" start="2025-05-08T14:35:18.800269" elapsed="0.183717"/>
</kw>
<kw name="Sleep" owner="BuiltIn">
<msg time="2025-05-08T14:35:19.985589" level="INFO">Slept 1 second.</msg>
<arg>1s</arg>
<doc>Pauses the test executed for the given time.</doc>
<status status="PASS" start="2025-05-08T14:35:18.984494" elapsed="1.001322"/>
</kw>
<kw name="Execute Javascript" owner="SeleniumLibrary">
<msg time="2025-05-08T14:35:19.987421" level="INFO">Executing JavaScript:
const opt = [...document.querySelectorAll("div.ant-select-item-option-content")].find(el =&gt; el.innerText.trim().toLowerCase() === 'Active'.toLowerCase() &amp;&amp; el.offsetParent !== null);if (opt) opt.click();
Without any arguments.</msg>
<arg>const opt = [...document.querySelectorAll("div.ant-select-item-option-content")].find(el =&gt; el.innerText.trim().toLowerCase() === '${STATUS}'.toLowerCase() &amp;&amp; el.offsetParent !== null);</arg>
<arg>if (opt) opt.click();</arg>
<doc>Executes the given JavaScript code with possible arguments.</doc>
<status status="PASS" start="2025-05-08T14:35:19.986312" elapsed="0.033317"/>
</kw>
<kw name="Sleep" owner="BuiltIn">
<msg time="2025-05-08T14:35:21.020781" level="INFO">Slept 1 second.</msg>
<arg>1s</arg>
<doc>Pauses the test executed for the given time.</doc>
<status status="PASS" start="2025-05-08T14:35:20.020085" elapsed="1.001093"/>
</kw>
<arg>${status_type}</arg>
<status status="PASS" start="2025-05-08T14:35:17.798204" elapsed="3.223203"/>
</kw>
<kw name="Select Files" owner="home_page">
<kw name="Sleep" owner="BuiltIn">
<msg time="2025-05-08T14:35:22.022526" level="INFO">Slept 1 second.</msg>
<arg>1s</arg>
<doc>Pauses the test executed for the given time.</doc>
<status status="PASS" start="2025-05-08T14:35:21.022137" elapsed="1.000628"/>
</kw>
<kw name="Choose File" owner="SeleniumLibrary">
<msg time="2025-05-08T14:35:22.023856" level="INFO">Sending C:\Users\UNS_CT\Downloads\single_create.json to browser.</msg>
<arg>${home_locator.upload_file}</arg>
<arg>${file_path}</arg>
<doc>Inputs the ``file_path`` into the file input field ``locator``.</doc>
<status status="PASS" start="2025-05-08T14:35:22.023295" elapsed="0.086825"/>
</kw>
<kw name="Sleep" owner="BuiltIn">
<msg time="2025-05-08T14:35:23.111156" level="INFO">Slept 1 second.</msg>
<arg>1s</arg>
<doc>Pauses the test executed for the given time.</doc>
<status status="PASS" start="2025-05-08T14:35:22.110355" elapsed="1.001068"/>
</kw>
<arg>${file_path}</arg>
<status status="PASS" start="2025-05-08T14:35:21.021651" elapsed="2.090039"/>
</kw>
<kw name="Click Save Button" owner="home_page">
<kw name="Click Button" owner="SeleniumLibrary">
<msg time="2025-05-08T14:35:23.113756" level="INFO">Clicking button 'xpath=//button[contains(@class, 'btn-save')]//span[text()='Save']/..'.</msg>
<arg>${home_locator.save_button}</arg>
<doc>Clicks the button identified by ``locator``.</doc>
<status status="PASS" start="2025-05-08T14:35:23.113214" elapsed="0.813229"/>
</kw>
<kw name="Sleep" owner="BuiltIn">
<msg time="2025-05-08T14:35:24.928134" level="INFO">Slept 1 second.</msg>
<arg>1s</arg>
<doc>Pauses the test executed for the given time.</doc>
<status status="PASS" start="2025-05-08T14:35:23.927185" elapsed="1.001266"/>
</kw>
<status status="PASS" start="2025-05-08T14:35:23.112362" elapsed="1.816352"/>
</kw>
<kw name="Click outside New test case popup" owner="home_page">
<kw name="Sleep" owner="BuiltIn">
<msg time="2025-05-08T14:35:25.930954" level="INFO">Slept 1 second.</msg>
<arg>1s</arg>
<doc>Pauses the test executed for the given time.</doc>
<status status="PASS" start="2025-05-08T14:35:24.929810" elapsed="1.001389"/>
</kw>
<kw name="Execute Javascript" owner="SeleniumLibrary">
<msg time="2025-05-08T14:35:25.932991" level="INFO">Executing JavaScript:
document.querySelector("div.ant-modal-mask")?.click()
Without any arguments.</msg>
<arg>document.querySelector("div.ant-modal-mask")?.click()</arg>
<doc>Executes the given JavaScript code with possible arguments.</doc>
<status status="PASS" start="2025-05-08T14:35:25.931723" elapsed="0.026880"/>
</kw>
<kw name="Sleep" owner="BuiltIn">
<msg time="2025-05-08T14:35:32.959721" level="INFO">Slept 7 seconds.</msg>
<arg>7s</arg>
<doc>Pauses the test executed for the given time.</doc>
<status status="PASS" start="2025-05-08T14:35:25.958970" elapsed="7.001006"/>
</kw>
<status status="PASS" start="2025-05-08T14:35:24.929183" elapsed="8.031030"/>
</kw>
<kw name="Verify if the test case is created" owner="home_page">
<kw name="Wait Until Page Contains Element" owner="SeleniumLibrary">
<arg>xpath=//div[contains(@class, 'testcase-name-text') and text()='${TC_NAME}']</arg>
<arg>10s</arg>
<doc>Waits until the element ``locator`` appears on the current page.</doc>
<status status="PASS" start="2025-05-08T14:35:32.961541" elapsed="0.027987"/>
</kw>
<kw name="Page Should Contain Element" owner="SeleniumLibrary">
<msg time="2025-05-08T14:35:33.015802" level="INFO">Current page contains element 'xpath=//div[contains(@class, 'testcase-name-text')]'.</msg>
<arg>${home_locator.test_case_name_created}</arg>
<arg>${TC_NAME}</arg>
<doc>Verifies that element ``locator`` is found on the current page.</doc>
<status status="PASS" start="2025-05-08T14:35:32.989907" elapsed="0.025976"/>
</kw>
<status status="PASS" start="2025-05-08T14:35:32.960680" elapsed="0.055283"/>
</kw>
<status status="PASS" start="2025-05-08T14:34:56.803092" elapsed="36.212920"/>
</kw>
<status status="PASS" start="2025-05-08T14:34:51.135362" elapsed="41.881120"/>
</test>
<test id="s1-t3" name="TC03 - Verify that user can create product" line="13">
<kw name="Login" owner="login_feature">
<kw name="Open browser" owner="login_page">
<kw name="Open Browser" owner="SeleniumLibrary">
<msg time="2025-05-08T14:35:33.020104" level="INFO">Opening browser 'chrome' to base url 'https://sit.doppio-tech.com/login'.</msg>
<arg>${URL}</arg>
<arg>${BROWSER}</arg>
<doc>Opens a new browser instance to the optional ``url``.</doc>
<status status="PASS" start="2025-05-08T14:35:33.019902" elapsed="3.350126"/>
</kw>
<arg>${url}</arg>
<arg>${browser}</arg>
<status status="PASS" start="2025-05-08T14:35:33.019515" elapsed="3.350708"/>
</kw>
<kw name="Input username" owner="login_page">
<kw name="Wait Until Element Is Visible" owner="SeleniumLibrary">
<arg>${login_locator.username}</arg>
<arg>5s</arg>
<doc>Waits until the element ``locator`` is visible.</doc>
<status status="PASS" start="2025-05-08T14:35:36.372413" elapsed="0.210874"/>
</kw>
<kw name="Input Text" owner="SeleniumLibrary">
<msg time="2025-05-08T14:35:36.584768" level="INFO">Typing text 'perapat@gmail.com' into text field 'id=basic_username'.</msg>
<arg>${login_locator.username}</arg>
<arg>${USERNAME}</arg>
<doc>Types the given ``text`` into the text field identified by ``locator``.</doc>
<status status="PASS" start="2025-05-08T14:35:36.583984" elapsed="0.733998"/>
</kw>
<arg>${username}</arg>
<status status="PASS" start="2025-05-08T14:35:36.370797" elapsed="0.947584"/>
</kw>
<kw name="Input password" owner="login_page">
<kw name="Input Text" owner="SeleniumLibrary">
<msg time="2025-05-08T14:35:37.320234" level="INFO">Typing text 'Perapat123*' into text field 'id=basic_password'.</msg>
<arg>${login_locator.password}</arg>
<arg>${PASSWORD}</arg>
<doc>Types the given ``text`` into the text field identified by ``locator``.</doc>
<status status="PASS" start="2025-05-08T14:35:37.319832" elapsed="0.503568"/>
</kw>
<arg>${password}</arg>
<status status="PASS" start="2025-05-08T14:35:37.318965" elapsed="0.505066"/>
</kw>
<kw name="Click signin" owner="login_page">
<kw name="Click Element" owner="SeleniumLibrary">
<msg time="2025-05-08T14:35:37.827722" level="INFO">Clicking element 'css:.ant-btn.ant-btn-primary.btn-login'.</msg>
<arg>${login_locator.signin}</arg>
<doc>Click the element identified by ``locator``.</doc>
<status status="PASS" start="2025-05-08T14:35:37.827025" elapsed="0.183516"/>
</kw>
<status status="PASS" start="2025-05-08T14:35:37.825505" elapsed="0.186110"/>
</kw>
<status status="PASS" start="2025-05-08T14:35:33.019227" elapsed="4.992701"/>
</kw>
<kw name="Click Product Menu" owner="home_page">
<kw name="Wait Until Element Is Visible" owner="SeleniumLibrary">
<arg>${home_locator.product_page_menu}</arg>
<arg>timeout=10s</arg>
<doc>Waits until the element ``locator`` is visible.</doc>
<status status="PASS" start="2025-05-08T14:35:38.013706" elapsed="0.794686"/>
</kw>
<kw name="Click Element" owner="SeleniumLibrary">
<msg time="2025-05-08T14:35:38.809361" level="INFO">Clicking element 'id=mnu-product'.</msg>
<arg>${home_locator.product_page_menu}</arg>
<doc>Click the element identified by ``locator``.</doc>
<status status="PASS" start="2025-05-08T14:35:38.808783" elapsed="1.158542"/>
</kw>
<status status="PASS" start="2025-05-08T14:35:38.012967" elapsed="1.954791"/>
</kw>
<kw name="Create product" owner="create_product_feature">
<kw name="Click Create New Product Button" owner="product_page">
<kw name="Wait Until Element Is Visible" owner="SeleniumLibrary">
<arg>${product_locator.create_product}</arg>
<arg>timeout=10s</arg>
<doc>Waits until the element ``locator`` is visible.</doc>
<status status="PASS" start="2025-05-08T14:35:39.970691" elapsed="0.335736"/>
</kw>
<kw name="Click Element" owner="SeleniumLibrary">
<msg time="2025-05-08T14:35:40.308194" level="INFO">Clicking element 'id=btn-createproduct'.</msg>
<arg>${product_locator.create_product}</arg>
<doc>Click the element identified by ``locator``.</doc>
<status status="PASS" start="2025-05-08T14:35:40.307510" elapsed="0.238902"/>
</kw>
<kw name="Sleep" owner="BuiltIn">
<msg time="2025-05-08T14:35:43.548083" level="INFO">Slept 3 seconds.</msg>
<arg>3s</arg>
<doc>Pauses the test executed for the given time.</doc>
<status status="PASS" start="2025-05-08T14:35:40.547036" elapsed="3.001339"/>
</kw>
<status status="PASS" start="2025-05-08T14:35:39.969752" elapsed="3.578819"/>
</kw>
<kw name="Input product name" owner="product_page">
<kw name="Generate Random String" owner="String">
<msg time="2025-05-08T14:35:43.550150" level="INFO">${random} = QqGU</msg>
<var>${random}</var>
<arg>4</arg>
<arg>[LETTERS]</arg>
<doc>Generates a string with a desired ``length`` from the given ``chars``.</doc>
<status status="PASS" start="2025-05-08T14:35:43.549696" elapsed="0.000520"/>
</kw>
<kw name="Set Variable" owner="BuiltIn">
<msg time="2025-05-08T14:35:43.550837" level="INFO">${PRODUCT_NAME} = Product-QqGU</msg>
<var>${PRODUCT_NAME}</var>
<arg>Product-${random}</arg>
<doc>Returns the given values which can then be assigned to a variables.</doc>
<status status="PASS" start="2025-05-08T14:35:43.550531" elapsed="0.000365"/>
</kw>
<kw name="Set Suite Variable" owner="BuiltIn">
<msg time="2025-05-08T14:35:43.551804" level="INFO">${PRODUCT_NAME} = Product-QqGU</msg>
<arg>${PRODUCT_NAME}</arg>
<arg>${PRODUCT_NAME}</arg>
<doc>Makes a variable available everywhere within the scope of the current suite.</doc>
<status status="PASS" start="2025-05-08T14:35:43.551226" elapsed="0.000682"/>
</kw>
<kw name="Wait Until Element Is Visible" owner="SeleniumLibrary">
<arg>${product_locator.input_product_name}</arg>
<arg>timeout=10s</arg>
<doc>Waits until the element ``locator`` is visible.</doc>
<status status="PASS" start="2025-05-08T14:35:43.552431" elapsed="0.049115"/>
</kw>
<kw name="Input Text" owner="SeleniumLibrary">
<msg time="2025-05-08T14:35:43.602446" level="INFO">Typing text 'Product-QqGU' into text field 'id=basic_name'.</msg>
<arg>${product_locator.input_product_name}</arg>
<arg>${PRODUCT_NAME}</arg>
<doc>Types the given ``text`` into the text field identified by ``locator``.</doc>
<status status="PASS" start="2025-05-08T14:35:43.601988" elapsed="0.676461"/>
</kw>
<status status="PASS" start="2025-05-08T14:35:43.549060" elapsed="0.730283"/>
</kw>
<kw name="Click Save Button" owner="product_page">
<kw name="Wait Until Element Is Visible" owner="SeleniumLibrary">
<arg>${product_locator.save_button}</arg>
<arg>timeout=5s</arg>
<doc>Waits until the element ``locator`` is visible.</doc>
<status status="PASS" start="2025-05-08T14:35:44.282063" elapsed="0.070407"/>
</kw>
<kw name="Click Element" owner="SeleniumLibrary">
<msg time="2025-05-08T14:35:44.353263" level="INFO">Clicking element 'xpath=//button[contains(@class, "btn-save")]'.</msg>
<arg>${product_locator.save_button}</arg>
<doc>Click the element identified by ``locator``.</doc>
<status status="PASS" start="2025-05-08T14:35:44.352881" elapsed="0.236028"/>
</kw>
<kw name="Sleep" owner="BuiltIn">
<msg time="2025-05-08T14:35:47.591102" level="INFO">Slept 3 seconds.</msg>
<arg>3s</arg>
<doc>Pauses the test executed for the given time.</doc>
<status status="PASS" start="2025-05-08T14:35:44.589937" elapsed="3.001431"/>
</kw>
<status status="PASS" start="2025-05-08T14:35:44.280310" elapsed="3.311321"/>
</kw>
<kw name="Verify if the product is created" owner="product_page">
<kw name="Wait Until Page Contains Element" owner="SeleniumLibrary">
<arg>xpath=//span[starts-with(@id, 'product-id') and text()='${PRODUCT_NAME}']</arg>
<arg>10s</arg>
<doc>Waits until the element ``locator`` appears on the current page.</doc>
<status status="PASS" start="2025-05-08T14:35:47.593723" elapsed="0.023469"/>
</kw>
<status status="PASS" start="2025-05-08T14:35:47.592461" elapsed="0.024894"/>
</kw>
<status status="PASS" start="2025-05-08T14:35:39.968669" elapsed="7.648766"/>
</kw>
<status status="PASS" start="2025-05-08T14:35:33.018381" elapsed="14.599539"/>
</test>
<test id="s1-t4" name="TC04 - Verify that user can create project" line="18">
<kw name="Login" owner="login_feature">
<kw name="Open browser" owner="login_page">
<kw name="Open Browser" owner="SeleniumLibrary">
<msg time="2025-05-08T14:35:47.621273" level="INFO">Opening browser 'chrome' to base url 'https://sit.doppio-tech.com/login'.</msg>
<arg>${URL}</arg>
<arg>${BROWSER}</arg>
<doc>Opens a new browser instance to the optional ``url``.</doc>
<status status="PASS" start="2025-05-08T14:35:47.621057" elapsed="3.058093"/>
</kw>
<arg>${url}</arg>
<arg>${browser}</arg>
<status status="PASS" start="2025-05-08T14:35:47.620496" elapsed="3.059136"/>
</kw>
<kw name="Input username" owner="login_page">
<kw name="Wait Until Element Is Visible" owner="SeleniumLibrary">
<arg>${login_locator.username}</arg>
<arg>5s</arg>
<doc>Waits until the element ``locator`` is visible.</doc>
<status status="PASS" start="2025-05-08T14:35:50.682274" elapsed="0.188999"/>
</kw>
<kw name="Input Text" owner="SeleniumLibrary">
<msg time="2025-05-08T14:35:50.872731" level="INFO">Typing text 'perapat@gmail.com' into text field 'id=basic_username'.</msg>
<arg>${login_locator.username}</arg>
<arg>${USERNAME}</arg>
<doc>Types the given ``text`` into the text field identified by ``locator``.</doc>
<status status="PASS" start="2025-05-08T14:35:50.871860" elapsed="0.888571"/>
</kw>
<arg>${username}</arg>
<status status="PASS" start="2025-05-08T14:35:50.680759" elapsed="1.079771"/>
</kw>
<kw name="Input password" owner="login_page">
<kw name="Input Text" owner="SeleniumLibrary">
<msg time="2025-05-08T14:35:51.761613" level="INFO">Typing text 'Perapat123*' into text field 'id=basic_password'.</msg>
<arg>${login_locator.password}</arg>
<arg>${PASSWORD}</arg>
<doc>Types the given ``text`` into the text field identified by ``locator``.</doc>
<status status="PASS" start="2025-05-08T14:35:51.761429" elapsed="0.576873"/>
</kw>
<arg>${password}</arg>
<status status="PASS" start="2025-05-08T14:35:51.760757" elapsed="0.577813"/>
</kw>
<kw name="Click signin" owner="login_page">
<kw name="Click Element" owner="SeleniumLibrary">
<msg time="2025-05-08T14:35:52.339916" level="INFO">Clicking element 'css:.ant-btn.ant-btn-primary.btn-login'.</msg>
<arg>${login_locator.signin}</arg>
<doc>Click the element identified by ``locator``.</doc>
<status status="PASS" start="2025-05-08T14:35:52.339677" elapsed="0.172384"/>
</kw>
<status status="PASS" start="2025-05-08T14:35:52.339172" elapsed="0.173244"/>
</kw>
<status status="PASS" start="2025-05-08T14:35:47.619991" elapsed="4.892668"/>
</kw>
<kw name="Click Project Menu" owner="home_page">
<kw name="Wait Until Element Is Visible" owner="SeleniumLibrary">
<arg>${home_locator.project_page_menu}</arg>
<arg>timeout=10s</arg>
<doc>Waits until the element ``locator`` is visible.</doc>
<status status="PASS" start="2025-05-08T14:35:52.516198" elapsed="0.663760"/>
</kw>
<kw name="Click Element" owner="SeleniumLibrary">
<msg time="2025-05-08T14:35:53.181205" level="INFO">Clicking element 'id=mnu-project'.</msg>
<arg>${home_locator.project_page_menu}</arg>
<doc>Click the element identified by ``locator``.</doc>
<status status="PASS" start="2025-05-08T14:35:53.180597" elapsed="1.906799"/>
</kw>
<status status="PASS" start="2025-05-08T14:35:52.514762" elapsed="2.572871"/>
</kw>
<kw name="Create project" owner="create_project_feature">
<kw name="Click Create New Project Button" owner="project_page">
<kw name="Wait Until Element Is Visible" owner="SeleniumLibrary">
<arg>${project_locator.create_project}</arg>
<arg>timeout=10s</arg>
<doc>Waits until the element ``locator`` is visible.</doc>
<status status="PASS" start="2025-05-08T14:35:55.089700" elapsed="0.205078"/>
</kw>
<kw name="Click Element" owner="SeleniumLibrary">
<msg time="2025-05-08T14:35:55.296725" level="INFO">Clicking element 'id=btn-createproject'.</msg>
<arg>${project_locator.create_project}</arg>
<doc>Click the element identified by ``locator``.</doc>
<status status="PASS" start="2025-05-08T14:35:55.295861" elapsed="0.655814"/>
</kw>
<kw name="Sleep" owner="BuiltIn">
<msg time="2025-05-08T14:35:58.952809" level="INFO">Slept 3 seconds.</msg>
<arg>3s</arg>
<doc>Pauses the test executed for the given time.</doc>
<status status="PASS" start="2025-05-08T14:35:55.952144" elapsed="3.001097"/>
</kw>
<status status="PASS" start="2025-05-08T14:35:55.088976" elapsed="3.864632"/>
</kw>
<kw name="Input project name" owner="project_page">
<kw name="Generate Random String" owner="String">
<msg time="2025-05-08T14:35:58.957491" level="INFO">${random} = Jvai</msg>
<var>${random}</var>
<arg>4</arg>
<arg>[LETTERS]</arg>
<doc>Generates a string with a desired ``length`` from the given ``chars``.</doc>
<status status="PASS" start="2025-05-08T14:35:58.956001" elapsed="0.001608"/>
</kw>
<kw name="Set Variable" owner="BuiltIn">
<msg time="2025-05-08T14:35:58.958760" level="INFO">${PROJECT_NAME} = Project-Jvai</msg>
<var>${PROJECT_NAME}</var>
<arg>Project-${random}</arg>
<doc>Returns the given values which can then be assigned to a variables.</doc>
<status status="PASS" start="2025-05-08T14:35:58.958235" elapsed="0.000610"/>
</kw>
<kw name="Set Suite Variable" owner="BuiltIn">
<msg time="2025-05-08T14:35:58.959701" level="INFO">${PROJECT_NAME} = Project-Jvai</msg>
<arg>${PROJECT_NAME}</arg>
<arg>${PROJECT_NAME}</arg>
<doc>Makes a variable available everywhere within the scope of the current suite.</doc>
<status status="PASS" start="2025-05-08T14:35:58.959102" elapsed="0.000652"/>
</kw>
<kw name="Wait Until Element Is Visible" owner="SeleniumLibrary">
<arg>${project_locator.input_project_name}</arg>
<arg>timeout=10s</arg>
<doc>Waits until the element ``locator`` is visible.</doc>
<status status="PASS" start="2025-05-08T14:35:58.960093" elapsed="0.045732"/>
</kw>
<kw name="Input Text" owner="SeleniumLibrary">
<msg time="2025-05-08T14:35:59.006932" level="INFO">Typing text 'Project-Jvai' into text field 'id=basic_name'.</msg>
<arg>${project_locator.input_project_name}</arg>
<arg>${PROJECT_NAME}</arg>
<doc>Types the given ``text`` into the text field identified by ``locator``.</doc>
<status status="PASS" start="2025-05-08T14:35:59.006526" elapsed="0.594791"/>
</kw>
<status status="PASS" start="2025-05-08T14:35:58.954522" elapsed="0.646916"/>
</kw>
<kw name="Click Product tab" owner="project_page">
<kw name="Wait Until Element Is Visible" owner="SeleniumLibrary">
<arg>${project_locator.product_tab}</arg>
<arg>5s</arg>
<doc>Waits until the element ``locator`` is visible.</doc>
<status status="PASS" start="2025-05-08T14:35:59.602138" elapsed="0.037674"/>
</kw>
<kw name="Click Element" owner="SeleniumLibrary">
<msg time="2025-05-08T14:35:59.640637" level="INFO">Clicking element 'xpath=//button[contains(@class, "select-button")]'.</msg>
<arg>${project_locator.product_tab}</arg>
<doc>Click the element identified by ``locator``.</doc>
<status status="PASS" start="2025-05-08T14:35:59.640240" elapsed="0.187530"/>
</kw>
<status status="PASS" start="2025-05-08T14:35:59.601677" elapsed="0.226659"/>
</kw>
<kw name="Select Product" owner="project_page">
<kw name="Click Element" owner="SeleniumLibrary">
<msg time="2025-05-08T14:35:59.835169" level="INFO">Clicking element 'xpath=//span[contains(@class,"product-name") and text()='perapatproduction']/preceding::input[@type="checkbox"][1]'.</msg>
<arg>xpath=//span[contains(@class,"product-name") and text()='${PRODUCT01}']/preceding::input[@type="checkbox"][1]</arg>
<doc>Click the element identified by ``locator``.</doc>
<status status="PASS" start="2025-05-08T14:35:59.834612" elapsed="0.242908"/>
</kw>
<kw name="Click Element" owner="SeleniumLibrary">
<msg time="2025-05-08T14:36:00.077976" level="INFO">Clicking element 'xpath=//span[contains(@class,"product-name") and text()='bambooproduct']/preceding::input[@type="checkbox"][1]'.</msg>
<arg>xpath=//span[contains(@class,"product-name") and text()='${PRODUCT02}']/preceding::input[@type="checkbox"][1]</arg>
<doc>Click the element identified by ``locator``.</doc>
<status status="PASS" start="2025-05-08T14:36:00.077740" elapsed="0.287113"/>
</kw>
<arg>${project.product01}</arg>
<arg>${project.product02}</arg>
<status status="PASS" start="2025-05-08T14:35:59.829688" elapsed="0.536049"/>
</kw>
<kw name="Click Save Button" owner="project_page">
<kw name="Wait Until Element Is Visible" owner="SeleniumLibrary">
<arg>${project_locator.save_button}</arg>
<arg>timeout=5s</arg>
<doc>Waits until the element ``locator`` is visible.</doc>
<status status="PASS" start="2025-05-08T14:36:00.366711" elapsed="0.050120"/>
</kw>
<kw name="Click Element" owner="SeleniumLibrary">
<msg time="2025-05-08T14:36:00.417238" level="INFO">Clicking element 'xpath=//button[contains(@class, "btn-save")]'.</msg>
<arg>${project_locator.save_button}</arg>
<doc>Click the element identified by ``locator``.</doc>
<status status="PASS" start="2025-05-08T14:36:00.417041" elapsed="0.277008"/>
</kw>
<kw name="Sleep" owner="BuiltIn">
<msg time="2025-05-08T14:36:03.695621" level="INFO">Slept 3 seconds.</msg>
<arg>3s</arg>
<doc>Pauses the test executed for the given time.</doc>
<status status="PASS" start="2025-05-08T14:36:00.694406" elapsed="3.001524"/>
</kw>
<status status="PASS" start="2025-05-08T14:36:00.366334" elapsed="3.329690"/>
</kw>
<kw name="Verify if the project is created" owner="project_page">
<kw name="Wait Until Page Contains Element" owner="SeleniumLibrary">
<arg>xpath=//div[starts-with(@id, 'project-id') and contains(@class, 'project-name-text') and text()='${PROJECT_NAME}']</arg>
<arg>timeout=10s</arg>
<doc>Waits until the element ``locator`` appears on the current page.</doc>
<status status="PASS" start="2025-05-08T14:36:03.697115" elapsed="0.028923"/>
</kw>
<status status="PASS" start="2025-05-08T14:36:03.696256" elapsed="0.030054"/>
</kw>
<status status="PASS" start="2025-05-08T14:35:55.088318" elapsed="8.638101"/>
</kw>
<status status="PASS" start="2025-05-08T14:35:47.618820" elapsed="16.108184"/>
</test>
<test id="s1-t5" name="TC05 - Verify that user can create tag" line="23">
<kw name="Login" owner="login_feature">
<kw name="Open browser" owner="login_page">
<kw name="Open Browser" owner="SeleniumLibrary">
<msg time="2025-05-08T14:36:03.730442" level="INFO">Opening browser 'chrome' to base url 'https://sit.doppio-tech.com/login'.</msg>
<arg>${URL}</arg>
<arg>${BROWSER}</arg>
<doc>Opens a new browser instance to the optional ``url``.</doc>
<status status="PASS" start="2025-05-08T14:36:03.730164" elapsed="3.085439"/>
</kw>
<arg>${url}</arg>
<arg>${browser}</arg>
<status status="PASS" start="2025-05-08T14:36:03.729615" elapsed="3.086752"/>
</kw>
<kw name="Input username" owner="login_page">
<kw name="Wait Until Element Is Visible" owner="SeleniumLibrary">
<arg>${login_locator.username}</arg>
<arg>5s</arg>
<doc>Waits until the element ``locator`` is visible.</doc>
<status status="PASS" start="2025-05-08T14:36:06.817993" elapsed="0.170207"/>
</kw>
<kw name="Input Text" owner="SeleniumLibrary">
<msg time="2025-05-08T14:36:06.989753" level="INFO">Typing text 'perapat@gmail.com' into text field 'id=basic_username'.</msg>
<arg>${login_locator.username}</arg>
<arg>${USERNAME}</arg>
<doc>Types the given ``text`` into the text field identified by ``locator``.</doc>
<status status="PASS" start="2025-05-08T14:36:06.989006" elapsed="0.912699"/>
</kw>
<arg>${username}</arg>
<status status="PASS" start="2025-05-08T14:36:06.817334" elapsed="1.084755"/>
</kw>
<kw name="Input password" owner="login_page">
<kw name="Input Text" owner="SeleniumLibrary">
<msg time="2025-05-08T14:36:07.903286" level="INFO">Typing text 'Perapat123*' into text field 'id=basic_password'.</msg>
<arg>${login_locator.password}</arg>
<arg>${PASSWORD}</arg>
<doc>Types the given ``text`` into the text field identified by ``locator``.</doc>
<status status="PASS" start="2025-05-08T14:36:07.902984" elapsed="0.560938"/>
</kw>
<arg>${password}</arg>
<status status="PASS" start="2025-05-08T14:36:07.902466" elapsed="0.561700"/>
</kw>
<kw name="Click signin" owner="login_page">
<kw name="Click Element" owner="SeleniumLibrary">
<msg time="2025-05-08T14:36:08.465233" level="INFO">Clicking element 'css:.ant-btn.ant-btn-primary.btn-login'.</msg>
<arg>${login_locator.signin}</arg>
<doc>Click the element identified by ``locator``.</doc>
<status status="PASS" start="2025-05-08T14:36:08.464949" elapsed="0.173785"/>
</kw>
<status status="PASS" start="2025-05-08T14:36:08.464540" elapsed="0.174777"/>
</kw>
<status status="PASS" start="2025-05-08T14:36:03.729175" elapsed="4.910495"/>
</kw>
<kw name="Click Tag Menu" owner="home_page">
<kw name="Wait Until Element Is Visible" owner="SeleniumLibrary">
<arg>${home_locator.tag_page_menu}</arg>
<arg>timeout=10s</arg>
<doc>Waits until the element ``locator`` is visible.</doc>
<status status="PASS" start="2025-05-08T14:36:08.644178" elapsed="0.549520"/>
</kw>
<kw name="Click Element" owner="SeleniumLibrary">
<msg time="2025-05-08T14:36:09.194949" level="INFO">Clicking element 'id=mnu-tag'.</msg>
<arg>${home_locator.tag_page_menu}</arg>
<doc>Click the element identified by ``locator``.</doc>
<status status="PASS" start="2025-05-08T14:36:09.194420" elapsed="0.853810"/>
</kw>
<status status="PASS" start="2025-05-08T14:36:08.642223" elapsed="1.406223"/>
</kw>
<kw name="Create tag" owner="create_tag_feature">
<kw name="Click Create New Tag Button" owner="tag_page">
<kw name="Wait Until Element Is Visible" owner="SeleniumLibrary">
<arg>${tag_locator.create_tag}</arg>
<arg>timeout=10s</arg>
<doc>Waits until the element ``locator`` is visible.</doc>
<status status="PASS" start="2025-05-08T14:36:10.049970" elapsed="0.496609"/>
</kw>
<kw name="Click Element" owner="SeleniumLibrary">
<msg time="2025-05-08T14:36:10.547321" level="INFO">Clicking element 'id=btn-createtag'.</msg>
<arg>${tag_locator.create_tag}</arg>
<doc>Click the element identified by ``locator``.</doc>
<status status="PASS" start="2025-05-08T14:36:10.547125" elapsed="0.217527"/>
</kw>
<kw name="Sleep" owner="BuiltIn">
<msg time="2025-05-08T14:36:13.765893" level="INFO">Slept 3 seconds.</msg>
<arg>3s</arg>
<doc>Pauses the test executed for the given time.</doc>
<status status="PASS" start="2025-05-08T14:36:10.764936" elapsed="3.001394"/>
</kw>
<status status="PASS" start="2025-05-08T14:36:10.049566" elapsed="3.717128"/>
</kw>
<kw name="Input tag name" owner="tag_page">
<kw name="Generate Random String" owner="String">
<msg time="2025-05-08T14:36:13.768779" level="INFO">${random} = jnUL</msg>
<var>${random}</var>
<arg>4</arg>
<arg>[LETTERS]</arg>
<doc>Generates a string with a desired ``length`` from the given ``chars``.</doc>
<status status="PASS" start="2025-05-08T14:36:13.768282" elapsed="0.000593"/>
</kw>
<kw name="Set Variable" owner="BuiltIn">
<msg time="2025-05-08T14:36:13.769563" level="INFO">${TAG_NAME} = tag-jnUL</msg>
<var>${TAG_NAME}</var>
<arg>tag-${random}</arg>
<doc>Returns the given values which can then be assigned to a variables.</doc>
<status status="PASS" start="2025-05-08T14:36:13.769228" elapsed="0.000396"/>
</kw>
<kw name="Set Suite Variable" owner="BuiltIn">
<msg time="2025-05-08T14:36:13.770397" level="INFO">${TAG_NAME} = tag-jnUL</msg>
<arg>${TAG_NAME}</arg>
<arg>${TAG_NAME}</arg>
<doc>Makes a variable available everywhere within the scope of the current suite.</doc>
<status status="PASS" start="2025-05-08T14:36:13.770000" elapsed="0.000490"/>
</kw>
<kw name="Wait Until Element Is Visible" owner="SeleniumLibrary">
<arg>${tag_locator.input_tag_name}</arg>
<arg>timeout=10s</arg>
<doc>Waits until the element ``locator`` is visible.</doc>
<status status="PASS" start="2025-05-08T14:36:13.770810" elapsed="0.046641"/>
</kw>
<kw name="Input Text" owner="SeleniumLibrary">
<msg time="2025-05-08T14:36:13.818094" level="INFO">Typing text 'tag-jnUL' into text field 'id=basic_name'.</msg>
<arg>${tag_locator.input_tag_name}</arg>
<arg>${TAG_NAME}</arg>
<doc>Types the given ``text`` into the text field identified by ``locator``.</doc>
<status status="PASS" start="2025-05-08T14:36:13.817739" elapsed="0.221653"/>
</kw>
<status status="PASS" start="2025-05-08T14:36:13.767564" elapsed="0.272034"/>
</kw>
<kw name="Click Save Button" owner="tag_page">
<kw name="Wait Until Element Is Visible" owner="SeleniumLibrary">
<arg>${tag_locator.save_button}</arg>
<arg>timeout=5s</arg>
<doc>Waits until the element ``locator`` is visible.</doc>
<status status="PASS" start="2025-05-08T14:36:14.040167" elapsed="0.023079"/>
</kw>
<kw name="Click Element" owner="SeleniumLibrary">
<msg time="2025-05-08T14:36:14.063949" level="INFO">Clicking element 'xpath=//button[contains(@class, "btn-save")]'.</msg>
<arg>${tag_locator.save_button}</arg>
<doc>Click the element identified by ``locator``.</doc>
<status status="PASS" start="2025-05-08T14:36:14.063566" elapsed="0.215096"/>
</kw>
<kw name="Sleep" owner="BuiltIn">
<msg time="2025-05-08T14:36:17.280344" level="INFO">Slept 3 seconds.</msg>
<arg>3s</arg>
<doc>Pauses the test executed for the given time.</doc>
<status status="PASS" start="2025-05-08T14:36:14.279249" elapsed="3.001627"/>
</kw>
<status status="PASS" start="2025-05-08T14:36:14.039860" elapsed="3.241426"/>
</kw>
<kw name="Verify if the tag is created" owner="tag_page">
<kw name="Wait Until Page Contains Element" owner="SeleniumLibrary">
<arg>xpath=//div[starts-with(@id, 'tag-id') and contains(@class, 'tag-name-text') and text()='${TAG_NAME}']</arg>
<arg>10s</arg>
<doc>Waits until the element ``locator`` appears on the current page.</doc>
<status status="PASS" start="2025-05-08T14:36:17.283221" elapsed="0.032564"/>
</kw>
<status status="PASS" start="2025-05-08T14:36:17.281903" elapsed="0.034085"/>
</kw>
<status status="PASS" start="2025-05-08T14:36:10.049009" elapsed="7.267124"/>
</kw>
<status status="PASS" start="2025-05-08T14:36:03.728362" elapsed="13.588517"/>
</test>
<test id="s1-t6" name="TC06 - Verify that user can create organization" line="28">
<kw name="Login" owner="login_feature">
<kw name="Open browser" owner="login_page">
<kw name="Open Browser" owner="SeleniumLibrary">
<msg time="2025-05-08T14:36:17.324901" level="INFO">Opening browser 'chrome' to base url 'https://sit.doppio-tech.com/login'.</msg>
<arg>${URL}</arg>
<arg>${BROWSER}</arg>
<doc>Opens a new browser instance to the optional ``url``.</doc>
<status status="PASS" start="2025-05-08T14:36:17.323882" elapsed="3.497633"/>
</kw>
<arg>${url}</arg>
<arg>${browser}</arg>
<status status="PASS" start="2025-05-08T14:36:17.322137" elapsed="3.499632"/>
</kw>
<kw name="Input username" owner="login_page">
<kw name="Wait Until Element Is Visible" owner="SeleniumLibrary">
<arg>${login_locator.username}</arg>
<arg>5s</arg>
<doc>Waits until the element ``locator`` is visible.</doc>
<status status="PASS" start="2025-05-08T14:36:20.823065" elapsed="0.191295"/>
</kw>
<kw name="Input Text" owner="SeleniumLibrary">
<msg time="2025-05-08T14:36:21.015534" level="INFO">Typing text 'perapat@gmail.com' into text field 'id=basic_username'.</msg>
<arg>${login_locator.username}</arg>
<arg>${USERNAME}</arg>
<doc>Types the given ``text`` into the text field identified by ``locator``.</doc>
<status status="PASS" start="2025-05-08T14:36:21.014901" elapsed="0.709391"/>
</kw>
<arg>${username}</arg>
<status status="PASS" start="2025-05-08T14:36:20.822322" elapsed="0.902646"/>
</kw>
<kw name="Input password" owner="login_page">
<kw name="Input Text" owner="SeleniumLibrary">
<msg time="2025-05-08T14:36:21.728748" level="INFO">Typing text 'Perapat123*' into text field 'id=basic_password'.</msg>
<arg>${login_locator.password}</arg>
<arg>${PASSWORD}</arg>
<doc>Types the given ``text`` into the text field identified by ``locator``.</doc>
<status status="PASS" start="2025-05-08T14:36:21.728473" elapsed="0.586306"/>
</kw>
<arg>${password}</arg>
<status status="PASS" start="2025-05-08T14:36:21.726523" elapsed="0.588453"/>
</kw>
<kw name="Click signin" owner="login_page">
<kw name="Click Element" owner="SeleniumLibrary">
<msg time="2025-05-08T14:36:22.315644" level="INFO">Clicking element 'css:.ant-btn.ant-btn-primary.btn-login'.</msg>
<arg>${login_locator.signin}</arg>
<doc>Click the element identified by ``locator``.</doc>
<status status="PASS" start="2025-05-08T14:36:22.315461" elapsed="0.163436"/>
</kw>
<status status="PASS" start="2025-05-08T14:36:22.315195" elapsed="0.163957"/>
</kw>
<status status="PASS" start="2025-05-08T14:36:17.320850" elapsed="5.158441"/>
</kw>
<kw name="Click Organization Menu" owner="home_page">
<kw name="Wait Until Element Is Visible" owner="SeleniumLibrary">
<arg>${home_locator.organization_page_menu}</arg>
<arg>timeout=10s</arg>
<doc>Waits until the element ``locator`` is visible.</doc>
<status status="PASS" start="2025-05-08T14:36:22.481587" elapsed="0.376360"/>
</kw>
<kw name="Click Element" owner="SeleniumLibrary">
<msg time="2025-05-08T14:36:22.858597" level="INFO">Clicking element 'id=mnu-org'.</msg>
<arg>${home_locator.organization_page_menu}</arg>
<doc>Click the element identified by ``locator``.</doc>
<status status="PASS" start="2025-05-08T14:36:22.858354" elapsed="1.267470"/>
</kw>
<status status="PASS" start="2025-05-08T14:36:22.480646" elapsed="1.645425"/>
</kw>
<kw name="Create organization" owner="create_organization_feature">
<kw name="Click Create New Organization Button" owner="organization_page">
<kw name="Wait Until Element Is Visible" owner="SeleniumLibrary">
<arg>${organization_locator.create_organization}</arg>
<arg>timeout=10s</arg>
<doc>Waits until the element ``locator`` is visible.</doc>
<status status="PASS" start="2025-05-08T14:36:24.128048" elapsed="0.106042"/>
</kw>
<kw name="Click Element" owner="SeleniumLibrary">
<msg time="2025-05-08T14:36:24.234572" level="INFO">Clicking element 'id=btn-createorg'.</msg>
<arg>${organization_locator.create_organization}</arg>
<doc>Click the element identified by ``locator``.</doc>
<status status="PASS" start="2025-05-08T14:36:24.234333" elapsed="0.256081"/>
</kw>
<kw name="Sleep" owner="BuiltIn">
<msg time="2025-05-08T14:36:27.491472" level="INFO">Slept 3 seconds.</msg>
<arg>3s</arg>
<doc>Pauses the test executed for the given time.</doc>
<status status="PASS" start="2025-05-08T14:36:24.490722" elapsed="3.001097"/>
</kw>
<status status="PASS" start="2025-05-08T14:36:24.127644" elapsed="3.364349"/>
</kw>
<kw name="Input organization name" owner="organization_page">
<kw name="Generate Random String" owner="String">
<msg time="2025-05-08T14:36:27.493684" level="INFO">${random} = iXzD</msg>
<var>${random}</var>
<arg>4</arg>
<arg>[LETTERS]</arg>
<doc>Generates a string with a desired ``length`` from the given ``chars``.</doc>
<status status="PASS" start="2025-05-08T14:36:27.493143" elapsed="0.000621"/>
</kw>
<kw name="Set Variable" owner="BuiltIn">
<msg time="2025-05-08T14:36:27.494436" level="INFO">${ORGANIZATION_NAME} = Organization-iXzD</msg>
<var>${ORGANIZATION_NAME}</var>
<arg>Organization-${random}</arg>
<doc>Returns the given values which can then be assigned to a variables.</doc>
<status status="PASS" start="2025-05-08T14:36:27.494137" elapsed="0.000350"/>
</kw>
<kw name="Set Suite Variable" owner="BuiltIn">
<msg time="2025-05-08T14:36:27.495538" level="INFO">${ORGANIZATION_NAME} = Organization-iXzD</msg>
<arg>${ORGANIZATION_NAME}</arg>
<arg>${ORGANIZATION_NAME}</arg>
<doc>Makes a variable available everywhere within the scope of the current suite.</doc>
<status status="PASS" start="2025-05-08T14:36:27.495100" elapsed="0.000530"/>
</kw>
<kw name="Wait Until Element Is Visible" owner="SeleniumLibrary">
<arg>${organization_locator.input_organization_name}</arg>
<arg>timeout=10s</arg>
<doc>Waits until the element ``locator`` is visible.</doc>
<status status="PASS" start="2025-05-08T14:36:27.495988" elapsed="0.036408"/>
</kw>
<kw name="Input Text" owner="SeleniumLibrary">
<msg time="2025-05-08T14:36:27.533193" level="INFO">Typing text 'Organization-iXzD' into text field 'id=basic_name'.</msg>
<arg>${organization_locator.input_organization_name}</arg>
<arg>${ORGANIZATION_NAME}</arg>
<doc>Types the given ``text`` into the text field identified by ``locator``.</doc>
<status status="PASS" start="2025-05-08T14:36:27.532776" elapsed="0.607625"/>
</kw>
<status status="PASS" start="2025-05-08T14:36:27.492404" elapsed="0.648551"/>
</kw>
<kw name="Click Save Button" owner="organization_page">
<kw name="Wait Until Element Is Visible" owner="SeleniumLibrary">
<arg>${organization_locator.save_button}</arg>
<arg>timeout=5s</arg>
<doc>Waits until the element ``locator`` is visible.</doc>
<status status="PASS" start="2025-05-08T14:36:28.141823" elapsed="0.043373"/>
</kw>
<kw name="Click Element" owner="SeleniumLibrary">
<msg time="2025-05-08T14:36:28.185883" level="INFO">Clicking element 'xpath=//button[contains(@class, "btn-save")]'.</msg>
<arg>${organization_locator.save_button}</arg>
<doc>Click the element identified by ``locator``.</doc>
<status status="PASS" start="2025-05-08T14:36:28.185533" elapsed="0.200449"/>
</kw>
<kw name="Sleep" owner="BuiltIn">
<msg time="2025-05-08T14:36:31.387324" level="INFO">Slept 3 seconds.</msg>
<arg>3s</arg>
<doc>Pauses the test executed for the given time.</doc>
<status status="PASS" start="2025-05-08T14:36:28.386500" elapsed="3.001368"/>
</kw>
<status status="PASS" start="2025-05-08T14:36:28.141266" elapsed="3.247434"/>
</kw>
<kw name="Verify if the organization is created" owner="organization_page">
<kw name="Wait Until Page Contains Element" owner="SeleniumLibrary">
<arg>xpath=//div[starts-with(@id, 'org-id') and contains(@class, 'overflow-name') and text()='${ORGANIZATION_NAME}']</arg>
<arg>10s</arg>
<doc>Waits until the element ``locator`` appears on the current page.</doc>
<status status="PASS" start="2025-05-08T14:36:31.391164" elapsed="0.026148"/>
</kw>
<status status="PASS" start="2025-05-08T14:36:31.389605" elapsed="0.027925"/>
</kw>
<status status="PASS" start="2025-05-08T14:36:24.126947" elapsed="7.290723"/>
</kw>
<status status="PASS" start="2025-05-08T14:36:17.318991" elapsed="14.099534"/>
</test>
<test id="s1-t7" name="TC07 - Verify that user can login with existed account on generate test case page" line="33">
<kw name="Login" owner="login_feature">
<kw name="Open browser" owner="login_page">
<kw name="Open Browser" owner="SeleniumLibrary">
<msg time="2025-05-08T14:36:31.423658" level="INFO">Opening browser 'chrome' to base url 'https://sit.doppio-tech.com/login'.</msg>
<arg>${URL}</arg>
<arg>${BROWSER}</arg>
<doc>Opens a new browser instance to the optional ``url``.</doc>
<status status="PASS" start="2025-05-08T14:36:31.423287" elapsed="3.630584"/>
</kw>
<arg>${url}</arg>
<arg>${browser}</arg>
<status status="PASS" start="2025-05-08T14:36:31.422674" elapsed="3.631632"/>
</kw>
<kw name="Input username" owner="login_page">
<kw name="Wait Until Element Is Visible" owner="SeleniumLibrary">
<arg>${login_locator.username}</arg>
<arg>5s</arg>
<doc>Waits until the element ``locator`` is visible.</doc>
<status status="PASS" start="2025-05-08T14:36:35.056023" elapsed="0.134881"/>
</kw>
<kw name="Input Text" owner="SeleniumLibrary">
<msg time="2025-05-08T14:36:35.191683" level="INFO">Typing text 'perapat@gmail.com' into text field 'id=basic_username'.</msg>
<arg>${login_locator.username}</arg>
<arg>${USERNAME}</arg>
<doc>Types the given ``text`` into the text field identified by ``locator``.</doc>
<status status="PASS" start="2025-05-08T14:36:35.191269" elapsed="0.749888"/>
</kw>
<arg>${username}</arg>
<status status="PASS" start="2025-05-08T14:36:35.055336" elapsed="0.886191"/>
</kw>
<kw name="Input password" owner="login_page">
<kw name="Input Text" owner="SeleniumLibrary">
<msg time="2025-05-08T14:36:35.944071" level="INFO">Typing text 'Perapat123*' into text field 'id=basic_password'.</msg>
<arg>${login_locator.password}</arg>
<arg>${PASSWORD}</arg>
<doc>Types the given ``text`` into the text field identified by ``locator``.</doc>
<status status="PASS" start="2025-05-08T14:36:35.943479" elapsed="0.459679"/>
</kw>
<arg>${password}</arg>
<status status="PASS" start="2025-05-08T14:36:35.942326" elapsed="0.461090"/>
</kw>
<kw name="Click signin" owner="login_page">
<kw name="Click Element" owner="SeleniumLibrary">
<msg time="2025-05-08T14:36:36.404242" level="INFO">Clicking element 'css:.ant-btn.ant-btn-primary.btn-login'.</msg>
<arg>${login_locator.signin}</arg>
<doc>Click the element identified by ``locator``.</doc>
<status status="PASS" start="2025-05-08T14:36:36.404036" elapsed="0.196077"/>
</kw>
<status status="PASS" start="2025-05-08T14:36:36.403753" elapsed="0.196701"/>
</kw>
<status status="PASS" start="2025-05-08T14:36:31.422049" elapsed="5.178549"/>
</kw>
<kw name="Click Generate Test Case Menu" owner="home_page">
<kw name="Wait Until Element Is Visible" owner="SeleniumLibrary">
<arg>${home_locator.chat_page_menu}</arg>
<arg>timeout=10s</arg>
<doc>Waits until the element ``locator`` is visible.</doc>
<status status="PASS" start="2025-05-08T14:36:36.603226" elapsed="0.389187"/>
</kw>
<kw name="Click Element" owner="SeleniumLibrary">
<msg time="2025-05-08T14:36:36.993654" level="INFO">Clicking element 'id=mnu-chat'.</msg>
<arg>${home_locator.chat_page_menu}</arg>
<doc>Click the element identified by ``locator``.</doc>
<status status="PASS" start="2025-05-08T14:36:36.993147" elapsed="1.687471"/>
</kw>
<status status="PASS" start="2025-05-08T14:36:36.602164" elapsed="2.078698"/>
</kw>
<kw name="Login" owner="chat_login_feature">
<kw name="Input username" owner="chat_login_page">
<kw name="Wait Until Element Is Visible" owner="SeleniumLibrary">
<arg>${chat_login_locator.username}</arg>
<arg>5s</arg>
<doc>Waits until the element ``locator`` is visible.</doc>
<status status="PASS" start="2025-05-08T14:36:38.684707" elapsed="0.333458"/>
</kw>
<kw name="Input Text" owner="SeleniumLibrary">
<msg time="2025-05-08T14:36:39.019437" level="INFO">Typing text 'nimble.ai@doppiotech.com' into text field 'id=login_username'.</msg>
<arg>${chat_login_locator.username}</arg>
<arg>${USERNAME}</arg>
<doc>Types the given ``text`` into the text field identified by ``locator``.</doc>
<status status="PASS" start="2025-05-08T14:36:39.018887" elapsed="0.734162"/>
</kw>
<arg>${chat.username}</arg>
<status status="PASS" start="2025-05-08T14:36:38.683267" elapsed="1.069980"/>
</kw>
<kw name="Input password" owner="chat_login_page">
<kw name="Input Text" owner="SeleniumLibrary">
<msg time="2025-05-08T14:36:39.755667" level="INFO">Typing text 'Admin123$' into text field 'xpath=//input[@type="password"]'.</msg>
<arg>${chat_login_locator.password}</arg>
<arg>${PASSWORD}</arg>
<doc>Types the given ``text`` into the text field identified by ``locator``.</doc>
<status status="PASS" start="2025-05-08T14:36:39.755363" elapsed="0.532531"/>
</kw>
<arg>${chat.password}</arg>
<status status="PASS" start="2025-05-08T14:36:39.753679" elapsed="0.534652"/>
</kw>
<kw name="Click Login" owner="chat_login_page">
<kw name="Click Element" owner="SeleniumLibrary">
<msg time="2025-05-08T14:36:40.290850" level="INFO">Clicking element 'xpath=//button[span[text()='Login']]'.</msg>
<arg>${chat_login_locator.login}</arg>
<doc>Click the element identified by ``locator``.</doc>
<status status="PASS" start="2025-05-08T14:36:40.290343" elapsed="0.174760"/>
</kw>
<status status="PASS" start="2025-05-08T14:36:40.289173" elapsed="0.176578"/>
</kw>
<status status="PASS" start="2025-05-08T14:36:38.682204" elapsed="1.783805"/>
</kw>
<status status="PASS" start="2025-05-08T14:36:31.420883" elapsed="9.046068"/>
</test>
<test id="s1-t8" name="TC08 - Verify that AI assistants appear follows the logged in account" line="38">
<kw name="Login" owner="login_feature">
<kw name="Open browser" owner="login_page">
<kw name="Open Browser" owner="SeleniumLibrary">
<msg time="2025-05-08T14:36:40.473422" level="INFO">Opening browser 'chrome' to base url 'https://sit.doppio-tech.com/login'.</msg>
<arg>${URL}</arg>
<arg>${BROWSER}</arg>
<doc>Opens a new browser instance to the optional ``url``.</doc>
<status status="PASS" start="2025-05-08T14:36:40.473136" elapsed="3.605537"/>
</kw>
<arg>${url}</arg>
<arg>${browser}</arg>
<status status="PASS" start="2025-05-08T14:36:40.472180" elapsed="3.607133"/>
</kw>
<kw name="Input username" owner="login_page">
<kw name="Wait Until Element Is Visible" owner="SeleniumLibrary">
<arg>${login_locator.username}</arg>
<arg>5s</arg>
<doc>Waits until the element ``locator`` is visible.</doc>
<status status="PASS" start="2025-05-08T14:36:44.081127" elapsed="0.157804"/>
</kw>
<kw name="Input Text" owner="SeleniumLibrary">
<msg time="2025-05-08T14:36:44.239609" level="INFO">Typing text 'perapat@gmail.com' into text field 'id=basic_username'.</msg>
<arg>${login_locator.username}</arg>
<arg>${USERNAME}</arg>
<doc>Types the given ``text`` into the text field identified by ``locator``.</doc>
<status status="PASS" start="2025-05-08T14:36:44.239262" elapsed="0.232047"/>
</kw>
<arg>${username}</arg>
<status status="PASS" start="2025-05-08T14:36:44.079830" elapsed="0.391655"/>
</kw>
<kw name="Input password" owner="login_page">
<kw name="Input Text" owner="SeleniumLibrary">
<msg time="2025-05-08T14:36:44.472542" level="INFO">Typing text 'Perapat123*' into text field 'id=basic_password'.</msg>
<arg>${login_locator.password}</arg>
<arg>${PASSWORD}</arg>
<doc>Types the given ``text`` into the text field identified by ``locator``.</doc>
<status status="PASS" start="2025-05-08T14:36:44.472270" elapsed="0.174051"/>
</kw>
<arg>${password}</arg>
<status status="PASS" start="2025-05-08T14:36:44.471819" elapsed="0.174734"/>
</kw>
<kw name="Click signin" owner="login_page">
<kw name="Click Element" owner="SeleniumLibrary">
<msg time="2025-05-08T14:36:44.647697" level="INFO">Clicking element 'css:.ant-btn.ant-btn-primary.btn-login'.</msg>
<arg>${login_locator.signin}</arg>
<doc>Click the element identified by ``locator``.</doc>
<status status="PASS" start="2025-05-08T14:36:44.647383" elapsed="0.138882"/>
</kw>
<status status="PASS" start="2025-05-08T14:36:44.646925" elapsed="0.139569"/>
</kw>
<status status="PASS" start="2025-05-08T14:36:40.471389" elapsed="4.315180"/>
</kw>
<kw name="Click Generate Test Case Menu" owner="home_page">
<kw name="Wait Until Element Is Visible" owner="SeleniumLibrary">
<arg>${home_locator.chat_page_menu}</arg>
<arg>timeout=10s</arg>
<doc>Waits until the element ``locator`` is visible.</doc>
<status status="PASS" start="2025-05-08T14:36:44.788433" elapsed="0.393162"/>
</kw>
<kw name="Click Element" owner="SeleniumLibrary">
<msg time="2025-05-08T14:36:45.183557" level="INFO">Clicking element 'id=mnu-chat'.</msg>
<arg>${home_locator.chat_page_menu}</arg>
<doc>Click the element identified by ``locator``.</doc>
<status status="PASS" start="2025-05-08T14:36:45.182364" elapsed="0.984955"/>
</kw>
<status status="PASS" start="2025-05-08T14:36:44.787789" elapsed="1.379724"/>
</kw>
<kw name="Login" owner="chat_login_feature">
<kw name="Input username" owner="chat_login_page">
<kw name="Wait Until Element Is Visible" owner="SeleniumLibrary">
<arg>${chat_login_locator.username}</arg>
<arg>5s</arg>
<doc>Waits until the element ``locator`` is visible.</doc>
<status status="PASS" start="2025-05-08T14:36:46.170012" elapsed="0.334024"/>
</kw>
<kw name="Input Text" owner="SeleniumLibrary">
<msg time="2025-05-08T14:36:46.505733" level="INFO">Typing text 'nimble.ai@doppiotech.com' into text field 'id=login_username'.</msg>
<arg>${chat_login_locator.username}</arg>
<arg>${USERNAME}</arg>
<doc>Types the given ``text`` into the text field identified by ``locator``.</doc>
<status status="PASS" start="2025-05-08T14:36:46.504901" elapsed="0.854123"/>
</kw>
<arg>${chat.username}</arg>
<status status="PASS" start="2025-05-08T14:36:46.168994" elapsed="1.190658"/>
</kw>
<kw name="Input password" owner="chat_login_page">
<kw name="Input Text" owner="SeleniumLibrary">
<msg time="2025-05-08T14:36:47.363957" level="INFO">Typing text 'Admin123$' into text field 'xpath=//input[@type="password"]'.</msg>
<arg>${chat_login_locator.password}</arg>
<arg>${PASSWORD}</arg>
<doc>Types the given ``text`` into the text field identified by ``locator``.</doc>
<status status="PASS" start="2025-05-08T14:36:47.363306" elapsed="0.536859"/>
</kw>
<arg>${chat.password}</arg>
<status status="PASS" start="2025-05-08T14:36:47.360422" elapsed="0.539954"/>
</kw>
<kw name="Click Login" owner="chat_login_page">
<kw name="Click Element" owner="SeleniumLibrary">
<msg time="2025-05-08T14:36:47.903045" level="INFO">Clicking element 'xpath=//button[span[text()='Login']]'.</msg>
<arg>${chat_login_locator.login}</arg>
<doc>Click the element identified by ``locator``.</doc>
<status status="PASS" start="2025-05-08T14:36:47.902112" elapsed="0.188777"/>
</kw>
<status status="PASS" start="2025-05-08T14:36:47.901000" elapsed="0.190234"/>
</kw>
<status status="PASS" start="2025-05-08T14:36:46.168438" elapsed="1.922919"/>
</kw>
<kw name="Check if there is an assistant which belongs to the account" owner="chat_page">
<kw name="Wait Until Element Is Visible" owner="SeleniumLibrary">
<arg>${chat_locator.belonged_assistant}</arg>
<arg>timeout=10s</arg>
<doc>Waits until the element ``locator`` is visible.</doc>
<status status="PASS" start="2025-05-08T14:36:48.093789" elapsed="2.313723"/>
</kw>
<status status="PASS" start="2025-05-08T14:36:48.092797" elapsed="2.314915"/>
</kw>
<status status="PASS" start="2025-05-08T14:36:40.469527" elapsed="9.938800"/>
</test>
<test id="s1-t9" name="TC09 - Verify that no AI assistant that doesn't belong to the account appear" line="44">
<kw name="Login" owner="login_feature">
<kw name="Open browser" owner="login_page">
<kw name="Open Browser" owner="SeleniumLibrary">
<msg time="2025-05-08T14:36:50.412622" level="INFO">Opening browser 'chrome' to base url 'https://sit.doppio-tech.com/login'.</msg>
<arg>${URL}</arg>
<arg>${BROWSER}</arg>
<doc>Opens a new browser instance to the optional ``url``.</doc>
<status status="PASS" start="2025-05-08T14:36:50.412259" elapsed="3.283939"/>
</kw>
<arg>${url}</arg>
<arg>${browser}</arg>
<status status="PASS" start="2025-05-08T14:36:50.411621" elapsed="3.285053"/>
</kw>
<kw name="Input username" owner="login_page">
<kw name="Wait Until Element Is Visible" owner="SeleniumLibrary">
<arg>${login_locator.username}</arg>
<arg>5s</arg>
<doc>Waits until the element ``locator`` is visible.</doc>
<status status="PASS" start="2025-05-08T14:36:53.699481" elapsed="0.168191"/>
</kw>
<kw name="Input Text" owner="SeleniumLibrary">
<msg time="2025-05-08T14:36:53.869242" level="INFO">Typing text 'perapat@gmail.com' into text field 'id=basic_username'.</msg>
<arg>${login_locator.username}</arg>
<arg>${USERNAME}</arg>
<doc>Types the given ``text`` into the text field identified by ``locator``.</doc>
<status status="PASS" start="2025-05-08T14:36:53.868229" elapsed="0.235541"/>
</kw>
<arg>${username}</arg>
<status status="PASS" start="2025-05-08T14:36:53.698026" elapsed="0.405887"/>
</kw>
<kw name="Input password" owner="login_page">
<kw name="Input Text" owner="SeleniumLibrary">
<msg time="2025-05-08T14:36:54.104949" level="INFO">Typing text 'Perapat123*' into text field 'id=basic_password'.</msg>
<arg>${login_locator.password}</arg>
<arg>${PASSWORD}</arg>
<doc>Types the given ``text`` into the text field identified by ``locator``.</doc>
<status status="PASS" start="2025-05-08T14:36:54.104629" elapsed="0.122176"/>
</kw>
<arg>${password}</arg>
<status status="PASS" start="2025-05-08T14:36:54.104186" elapsed="0.122752"/>
</kw>
<kw name="Click signin" owner="login_page">
<kw name="Click Element" owner="SeleniumLibrary">
<msg time="2025-05-08T14:36:54.227609" level="INFO">Clicking element 'css:.ant-btn.ant-btn-primary.btn-login'.</msg>
<arg>${login_locator.signin}</arg>
<doc>Click the element identified by ``locator``.</doc>
<status status="PASS" start="2025-05-08T14:36:54.227440" elapsed="0.111985"/>
</kw>
<status status="PASS" start="2025-05-08T14:36:54.227164" elapsed="0.112609"/>
</kw>
<status status="PASS" start="2025-05-08T14:36:50.410661" elapsed="3.929354"/>
</kw>
<kw name="Click Generate Test Case Menu" owner="home_page">
<kw name="Wait Until Element Is Visible" owner="SeleniumLibrary">
<arg>${home_locator.chat_page_menu}</arg>
<arg>timeout=10s</arg>
<doc>Waits until the element ``locator`` is visible.</doc>
<status status="PASS" start="2025-05-08T14:36:54.342219" elapsed="0.360206"/>
</kw>
<kw name="Click Element" owner="SeleniumLibrary">
<msg time="2025-05-08T14:36:54.703837" level="INFO">Clicking element 'id=mnu-chat'.</msg>
<arg>${home_locator.chat_page_menu}</arg>
<doc>Click the element identified by ``locator``.</doc>
<status status="PASS" start="2025-05-08T14:36:54.703449" elapsed="0.280231"/>
</kw>
<status status="PASS" start="2025-05-08T14:36:54.341088" elapsed="0.642989"/>
</kw>
<kw name="Login" owner="chat_login_feature">
<kw name="Input username" owner="chat_login_page">
<kw name="Wait Until Element Is Visible" owner="SeleniumLibrary">
<arg>${chat_login_locator.username}</arg>
<arg>5s</arg>
<doc>Waits until the element ``locator`` is visible.</doc>
<status status="PASS" start="2025-05-08T14:36:54.986755" elapsed="0.742061"/>
</kw>
<kw name="Input Text" owner="SeleniumLibrary">
<msg time="2025-05-08T14:36:55.729409" level="INFO">Typing text 'nimble.ai@doppiotech.com' into text field 'id=login_username'.</msg>
<arg>${chat_login_locator.username}</arg>
<arg>${USERNAME}</arg>
<doc>Types the given ``text`` into the text field identified by ``locator``.</doc>
<status status="PASS" start="2025-05-08T14:36:55.729101" elapsed="0.588954"/>
</kw>
<arg>${chat.username}</arg>
<status status="PASS" start="2025-05-08T14:36:54.985377" elapsed="1.332865"/>
</kw>
<kw name="Input password" owner="chat_login_page">
<kw name="Input Text" owner="SeleniumLibrary">
<msg time="2025-05-08T14:36:56.320306" level="INFO">Typing text 'Admin123$' into text field 'xpath=//input[@type="password"]'.</msg>
<arg>${chat_login_locator.password}</arg>
<arg>${PASSWORD}</arg>
<doc>Types the given ``text`` into the text field identified by ``locator``.</doc>
<status status="PASS" start="2025-05-08T14:36:56.319993" elapsed="0.105699"/>
</kw>
<arg>${chat.password}</arg>
<status status="PASS" start="2025-05-08T14:36:56.318551" elapsed="0.107309"/>
</kw>
<kw name="Click Login" owner="chat_login_page">
<kw name="Click Element" owner="SeleniumLibrary">
[...]
<status status="PASS" start="2025-05-08T14:37:36.001787" elapsed="2.104631"/>
</kw>
<kw name="Click Element" owner="SeleniumLibrary">
<msg time="2025-05-08T14:37:38.107326" level="INFO">Clicking element 'xpath=//div[contains(@class, 'bg-primary') and contains(text(), 'Test Nimble')]'.</msg>
<arg>${chat_locator.belonged_assistant}</arg>
<doc>Click the element identified by ``locator``.</doc>
<status status="PASS" start="2025-05-08T14:37:38.106880" elapsed="0.150571"/>
</kw>
<status status="PASS" start="2025-05-08T14:37:36.001186" elapsed="2.257186"/>
</kw>
<kw name="Click chat icon" owner="chat_page">
<kw name="Wait Until Element Is Visible" owner="SeleniumLibrary">
<arg>${chat_locator.chat_icon}</arg>
<arg>timeout=10s</arg>
<doc>Waits until the element ``locator`` is visible.</doc>
<status status="PASS" start="2025-05-08T14:37:38.262859" elapsed="0.062532"/>
</kw>
<kw name="Click Element" owner="SeleniumLibrary">
<msg time="2025-05-08T14:37:38.326350" level="INFO">Clicking element 'xpath=//button[.//span[@aria-label="message"]]'.</msg>
<arg>${chat_locator.chat_icon}</arg>
<doc>Click the element identified by ``locator``.</doc>
<status status="PASS" start="2025-05-08T14:37:38.325767" elapsed="0.171596"/>
</kw>
<status status="PASS" start="2025-05-08T14:37:38.260913" elapsed="0.236615"/>
</kw>
<kw name="Click &quot;Test and Edge Case Generation&quot;" owner="chat_page">
<kw name="Wait Until Element Is Visible" owner="SeleniumLibrary">
<arg>${chat_locator.Test_and_Edge_Case_Generation_text}</arg>
<arg>timeout=10s</arg>
<doc>Waits until the element ``locator`` is visible.</doc>
<status status="PASS" start="2025-05-08T14:37:38.498308" elapsed="0.713871"/>
</kw>
<kw name="Click Element" owner="SeleniumLibrary">
<msg time="2025-05-08T14:37:39.212867" level="INFO">Clicking element 'xpath=//span[text()='Test and Edge Case Generation']'.</msg>
<arg>${chat_locator.Test_and_Edge_Case_Generation_text}</arg>
<doc>Click the element identified by ``locator``.</doc>
<status status="PASS" start="2025-05-08T14:37:39.212532" elapsed="0.143167"/>
</kw>
<status status="PASS" start="2025-05-08T14:37:38.498021" elapsed="0.858016"/>
</kw>
<kw name="Check if the message appear correctly after clicking &quot;Test and Edge Case Generation&quot;" owner="chat_page">
<kw name="Wait Until Page Contains" owner="SeleniumLibrary">
<arg>${Test and Edge Case Generation_response message}</arg>
<arg>timeout=15s</arg>
<doc>Waits until ``text`` appears on the current page.</doc>
<status status="PASS" start="2025-05-08T14:37:39.358614" elapsed="0.038685"/>
</kw>
<status status="PASS" start="2025-05-08T14:37:39.357769" elapsed="0.040431"/>
</kw>
<status status="PASS" start="2025-05-08T14:37:28.793681" elapsed="10.605169"/>
</test>
<test id="s1-t14" name="TC014 - Verify that upload button is clickable" line="80">
<kw name="Login" owner="login_feature">
<kw name="Open browser" owner="login_page">
<kw name="Open Browser" owner="SeleniumLibrary">
<msg time="2025-05-08T14:37:39.406516" level="INFO">Opening browser 'chrome' to base url 'https://sit.doppio-tech.com/login'.</msg>
<arg>${URL}</arg>
<arg>${BROWSER}</arg>
<doc>Opens a new browser instance to the optional ``url``.</doc>
<status status="PASS" start="2025-05-08T14:37:39.405492" elapsed="3.268948"/>
</kw>
<arg>${url}</arg>
<arg>${browser}</arg>
<status status="PASS" start="2025-05-08T14:37:39.403029" elapsed="3.271997"/>
</kw>
<kw name="Input username" owner="login_page">
<kw name="Wait Until Element Is Visible" owner="SeleniumLibrary">
<arg>${login_locator.username}</arg>
<arg>5s</arg>
<doc>Waits until the element ``locator`` is visible.</doc>
<status status="PASS" start="2025-05-08T14:37:42.676245" elapsed="0.196319"/>
</kw>
<kw name="Input Text" owner="SeleniumLibrary">
<msg time="2025-05-08T14:37:42.874381" level="INFO">Typing text 'perapat@gmail.com' into text field 'id=basic_username'.</msg>
<arg>${login_locator.username}</arg>
<arg>${USERNAME}</arg>
<doc>Types the given ``text`` into the text field identified by ``locator``.</doc>
<status status="PASS" start="2025-05-08T14:37:42.873338" elapsed="0.305018"/>
</kw>
<arg>${username}</arg>
<status status="PASS" start="2025-05-08T14:37:42.675732" elapsed="0.502859"/>
</kw>
<kw name="Input password" owner="login_page">
<kw name="Input Text" owner="SeleniumLibrary">
<msg time="2025-05-08T14:37:43.179910" level="INFO">Typing text 'Perapat123*' into text field 'id=basic_password'.</msg>
<arg>${login_locator.password}</arg>
<arg>${PASSWORD}</arg>
<doc>Types the given ``text`` into the text field identified by ``locator``.</doc>
<status status="PASS" start="2025-05-08T14:37:43.179595" elapsed="0.388126"/>
</kw>
<arg>${password}</arg>
<status status="PASS" start="2025-05-08T14:37:43.179035" elapsed="0.389319"/>
</kw>
<kw name="Click signin" owner="login_page">
<kw name="Click Element" owner="SeleniumLibrary">
<msg time="2025-05-08T14:37:43.571125" level="INFO">Clicking element 'css:.ant-btn.ant-btn-primary.btn-login'.</msg>
<arg>${login_locator.signin}</arg>
<doc>Click the element identified by ``locator``.</doc>
<status status="PASS" start="2025-05-08T14:37:43.570518" elapsed="0.205096"/>
</kw>
<status status="PASS" start="2025-05-08T14:37:43.569360" elapsed="0.206639"/>
</kw>
<status status="PASS" start="2025-05-08T14:37:39.401833" elapsed="4.374445"/>
</kw>
<kw name="Click Generate Test Case Menu" owner="home_page">
<kw name="Wait Until Element Is Visible" owner="SeleniumLibrary">
<arg>${home_locator.chat_page_menu}</arg>
<arg>timeout=10s</arg>
<doc>Waits until the element ``locator`` is visible.</doc>
<status status="PASS" start="2025-05-08T14:37:43.778094" elapsed="0.380811"/>
</kw>
<kw name="Click Element" owner="SeleniumLibrary">
<msg time="2025-05-08T14:37:44.159384" level="INFO">Clicking element 'id=mnu-chat'.</msg>
<arg>${home_locator.chat_page_menu}</arg>
<doc>Click the element identified by ``locator``.</doc>
<status status="PASS" start="2025-05-08T14:37:44.159148" elapsed="0.294092"/>
</kw>
<status status="PASS" start="2025-05-08T14:37:43.777133" elapsed="0.676301"/>
</kw>
<kw name="Login" owner="chat_login_feature">
<kw name="Input username" owner="chat_login_page">
<kw name="Wait Until Element Is Visible" owner="SeleniumLibrary">
<arg>${chat_login_locator.username}</arg>
<arg>5s</arg>
<doc>Waits until the element ``locator`` is visible.</doc>
<status status="PASS" start="2025-05-08T14:37:44.456489" elapsed="0.976681"/>
</kw>
<kw name="Input Text" owner="SeleniumLibrary">
<msg time="2025-05-08T14:37:45.433864" level="INFO">Typing text 'nimble.ai@doppiotech.com' into text field 'id=login_username'.</msg>
<arg>${chat_login_locator.username}</arg>
<arg>${USERNAME}</arg>
<doc>Types the given ``text`` into the text field identified by ``locator``.</doc>
<status status="PASS" start="2025-05-08T14:37:45.433414" elapsed="0.378867"/>
</kw>
<arg>${chat.username}</arg>
<status status="PASS" start="2025-05-08T14:37:44.454602" elapsed="1.357902"/>
</kw>
<kw name="Input password" owner="chat_login_page">
<kw name="Input Text" owner="SeleniumLibrary">
<msg time="2025-05-08T14:37:45.815365" level="INFO">Typing text 'Admin123$' into text field 'xpath=//input[@type="password"]'.</msg>
<arg>${chat_login_locator.password}</arg>
<arg>${PASSWORD}</arg>
<doc>Types the given ``text`` into the text field identified by ``locator``.</doc>
<status status="PASS" start="2025-05-08T14:37:45.814969" elapsed="0.401257"/>
</kw>
<arg>${chat.password}</arg>
<status status="PASS" start="2025-05-08T14:37:45.813117" elapsed="0.403705"/>
</kw>
<kw name="Click Login" owner="chat_login_page">
<kw name="Click Element" owner="SeleniumLibrary">
<msg time="2025-05-08T14:37:46.219363" level="INFO">Clicking element 'xpath=//button[span[text()='Login']]'.</msg>
<arg>${chat_login_locator.login}</arg>
<doc>Click the element identified by ``locator``.</doc>
<status status="PASS" start="2025-05-08T14:37:46.218614" elapsed="0.191735"/>
</kw>
<status status="PASS" start="2025-05-08T14:37:46.217842" elapsed="0.193018"/>
</kw>
<status status="PASS" start="2025-05-08T14:37:44.454078" elapsed="1.956946"/>
</kw>
<kw name="Click robot icon" owner="chat_page">
<kw name="Wait Until Element Is Visible" owner="SeleniumLibrary">
<arg>${chat_locator.robot_icon}</arg>
<arg>timeout=10s</arg>
<doc>Waits until the element ``locator`` is visible.</doc>
<status status="PASS" start="2025-05-08T14:37:46.412298" elapsed="0.560477"/>
</kw>
<kw name="Click Element" owner="SeleniumLibrary">
<msg time="2025-05-08T14:37:46.973548" level="INFO">Clicking element 'xpath=//a[@href='/assistant']/button'.</msg>
<arg>${chat_locator.robot_icon}</arg>
<doc>Click the element identified by ``locator``.</doc>
<status status="PASS" start="2025-05-08T14:37:46.973230" elapsed="0.245444"/>
</kw>
<status status="PASS" start="2025-05-08T14:37:46.411898" elapsed="0.807392"/>
</kw>
<kw name="Select an assistant" owner="chat_page">
<kw name="Wait Until Element Is Visible" owner="SeleniumLibrary">
<arg>${chat_locator.belonged_assistant}</arg>
<arg>timeout=10s</arg>
<doc>Waits until the element ``locator`` is visible.</doc>
<status status="PASS" start="2025-05-08T14:37:47.223577" elapsed="1.248859"/>
</kw>
<kw name="Click Element" owner="SeleniumLibrary">
<msg time="2025-05-08T14:37:48.473203" level="INFO">Clicking element 'xpath=//div[contains(@class, 'bg-primary') and contains(text(), 'Test Nimble')]'.</msg>
<arg>${chat_locator.belonged_assistant}</arg>
<doc>Click the element identified by ``locator``.</doc>
<status status="PASS" start="2025-05-08T14:37:48.472846" elapsed="0.188967"/>
</kw>
<status status="PASS" start="2025-05-08T14:37:47.221972" elapsed="1.440097"/>
</kw>
<kw name="Upload file" owner="chat_upload_file_feature">
<kw name="Click Upload File Button" owner="chat_page">
<kw name="Wait Until Element Is Visible" owner="SeleniumLibrary">
<arg>${chat_locator.upload_file_button}</arg>
<arg>timeout=10s</arg>
<doc>Waits until the element ``locator`` is visible.</doc>
<status status="PASS" start="2025-05-08T14:37:48.664495" elapsed="0.041643"/>
</kw>
<kw name="Click Element" owner="SeleniumLibrary">
<msg time="2025-05-08T14:37:48.707115" level="INFO">Clicking element 'xpath=//span[contains(text(),'+ Files')]'.</msg>
<arg>${chat_locator.upload_file_button}</arg>
<doc>Click the element identified by ``locator``.</doc>
<status status="PASS" start="2025-05-08T14:37:48.706749" elapsed="0.133923"/>
</kw>
<status status="PASS" start="2025-05-08T14:37:48.663981" elapsed="0.177076"/>
</kw>
<kw name="Upload File" owner="chat_page">
<kw name="Choose File" owner="SeleniumLibrary">
<msg time="2025-05-08T14:37:48.842325" level="INFO">Sending C:\Users\UNS_CT\Downloads\single_create.json to browser.</msg>
<arg>${chat_locator.file_path}</arg>
<arg>${file_path}</arg>
<doc>Inputs the ``file_path`` into the file input field ``locator``.</doc>
<status status="PASS" start="2025-05-08T14:37:48.841916" elapsed="0.038576"/>
</kw>
<status status="PASS" start="2025-05-08T14:37:48.841427" elapsed="0.039232"/>
</kw>
<kw name="Click Confirm Upload Files Button" owner="chat_page">
<kw name="Wait Until Element Is Visible" owner="SeleniumLibrary">
<arg>${chat_locator.uploaded_file}</arg>
<arg>timeout=15s</arg>
<doc>Waits until the element ``locator`` is visible.</doc>
<status status="PASS" start="2025-05-08T14:37:48.881393" elapsed="0.902474"/>
</kw>
<kw name="Click Button" owner="SeleniumLibrary">
<msg time="2025-05-08T14:37:49.785072" level="INFO">Clicking button 'xpath=//button[.//span[text()='Upload Files']]'.</msg>
<arg>${chat_locator.confirm_uploaded_file_button}</arg>
<doc>Clicks the button identified by ``locator``.</doc>
<status status="PASS" start="2025-05-08T14:37:49.784263" elapsed="0.158971"/>
</kw>
<status status="PASS" start="2025-05-08T14:37:48.880950" elapsed="1.062479"/>
</kw>
<status status="PASS" start="2025-05-08T14:37:48.663290" elapsed="1.280228"/>
</kw>
<kw name="Check if the uploaded file is appear" owner="chat_page">
<kw name="Wait Until Element Is Visible" owner="SeleniumLibrary">
<arg>${chat_locator.uploaded_file}</arg>
<arg>timeout=10s</arg>
<doc>Waits until the element ``locator`` is visible.</doc>
<status status="PASS" start="2025-05-08T14:37:49.944789" elapsed="0.029757"/>
</kw>
<status status="PASS" start="2025-05-08T14:37:49.944243" elapsed="0.030542"/>
</kw>
<status status="PASS" start="2025-05-08T14:37:39.400669" elapsed="10.574757"/>
</test>
<test id="s1-t15" name="TC015 - Verify that run status can be updated as passed" line="89">
<kw name="Login" owner="login_feature">
<kw name="Open browser" owner="login_page">
<kw name="Open Browser" owner="SeleniumLibrary">
<msg time="2025-05-08T14:37:49.978706" level="INFO">Opening browser 'chrome' to base url 'https://sit.doppio-tech.com/login'.</msg>
<arg>${URL}</arg>
<arg>${BROWSER}</arg>
<doc>Opens a new browser instance to the optional ``url``.</doc>
<status status="PASS" start="2025-05-08T14:37:49.978463" elapsed="3.269440"/>
</kw>
<arg>${url}</arg>
<arg>${browser}</arg>
<status status="PASS" start="2025-05-08T14:37:49.977996" elapsed="3.270234"/>
</kw>
<kw name="Input username" owner="login_page">
<kw name="Wait Until Element Is Visible" owner="SeleniumLibrary">
<arg>${login_locator.username}</arg>
<arg>5s</arg>
<doc>Waits until the element ``locator`` is visible.</doc>
<status status="PASS" start="2025-05-08T14:37:53.250233" elapsed="0.157840"/>
</kw>
<kw name="Input Text" owner="SeleniumLibrary">
<msg time="2025-05-08T14:37:53.408566" level="INFO">Typing text 'perapat@gmail.com' into text field 'id=basic_username'.</msg>
<arg>${login_locator.username}</arg>
<arg>${USERNAME}</arg>
<doc>Types the given ``text`` into the text field identified by ``locator``.</doc>
<status status="PASS" start="2025-05-08T14:37:53.408332" elapsed="0.358982"/>
</kw>
<arg>${username}</arg>
<status status="PASS" start="2025-05-08T14:37:53.248872" elapsed="0.518549"/>
</kw>
<kw name="Input password" owner="login_page">
<kw name="Input Text" owner="SeleniumLibrary">
<msg time="2025-05-08T14:37:53.768058" level="INFO">Typing text 'Perapat123*' into text field 'id=basic_password'.</msg>
<arg>${login_locator.password}</arg>
<arg>${PASSWORD}</arg>
<doc>Types the given ``text`` into the text field identified by ``locator``.</doc>
<status status="PASS" start="2025-05-08T14:37:53.767887" elapsed="0.340974"/>
</kw>
<arg>${password}</arg>
<status status="PASS" start="2025-05-08T14:37:53.767614" elapsed="0.341484"/>
</kw>
<kw name="Click signin" owner="login_page">
<kw name="Click Element" owner="SeleniumLibrary">
<msg time="2025-05-08T14:37:54.110368" level="INFO">Clicking element 'css:.ant-btn.ant-btn-primary.btn-login'.</msg>
<arg>${login_locator.signin}</arg>
<doc>Click the element identified by ``locator``.</doc>
<status status="PASS" start="2025-05-08T14:37:54.109993" elapsed="0.127097"/>
</kw>
<status status="PASS" start="2025-05-08T14:37:54.109475" elapsed="0.127806"/>
</kw>
<status status="PASS" start="2025-05-08T14:37:49.977527" elapsed="4.259839"/>
</kw>
<kw name="Click Run Management Menu" owner="home_page">
<kw name="Wait Until Element Is Visible" owner="SeleniumLibrary">
<arg>${home_locator.run_page_menu}</arg>
<arg>timeout=10s</arg>
<doc>Waits until the element ``locator`` is visible.</doc>
<status status="PASS" start="2025-05-08T14:37:54.238690" elapsed="0.602895"/>
</kw>
<kw name="Click Element" owner="SeleniumLibrary">
<msg time="2025-05-08T14:37:54.842295" level="INFO">Clicking element 'id=mnu-run'.</msg>
<arg>${home_locator.run_page_menu}</arg>
<doc>Click the element identified by ``locator``.</doc>
<status status="PASS" start="2025-05-08T14:37:54.841949" elapsed="0.656733"/>
</kw>
<status status="PASS" start="2025-05-08T14:37:54.238205" elapsed="1.260718"/>
</kw>
<kw name="Select Run Name" owner="run_page">
<kw name="Wait Until Element Is Visible" owner="SeleniumLibrary">
<arg>${run_locator.run_name}</arg>
<arg>timeout=10s</arg>
<doc>Waits until the element ``locator`` is visible.</doc>
<status status="PASS" start="2025-05-08T14:37:55.500566" elapsed="0.445939"/>
</kw>
<kw name="Click Element" owner="SeleniumLibrary">
<msg time="2025-05-08T14:37:55.948107" level="INFO">Clicking element 'xpath=//div[@class='run-name-text' and text()='pandaperapat1']'.</msg>
<arg>${run_locator.run_name}</arg>
<doc>Click the element identified by ``locator``.</doc>
<status status="PASS" start="2025-05-08T14:37:55.947323" elapsed="0.159707"/>
</kw>
<status status="PASS" start="2025-05-08T14:37:55.499908" elapsed="0.607261"/>
</kw>
<kw name="Click Status Dropdown" owner="run_page">
<kw name="Wait Until Element Is Visible" owner="SeleniumLibrary">
<arg>${run_locator.status_dropdown}</arg>
<arg>timeout=10s</arg>
<doc>Waits until the element ``locator`` is visible.</doc>
<status status="PASS" start="2025-05-08T14:37:56.108095" elapsed="0.582246"/>
</kw>
<kw name="Click Element" owner="SeleniumLibrary">
<msg time="2025-05-08T14:37:56.690788" level="INFO">Clicking element 'xpath=//span[contains(@class, 'ant-select-selection-item') and text()='PENDING']'.</msg>
<arg>${run_locator.status_dropdown}</arg>
<doc>Click the element identified by ``locator``.</doc>
<status status="PASS" start="2025-05-08T14:37:56.690583" elapsed="0.219758"/>
</kw>
<status status="PASS" start="2025-05-08T14:37:56.107690" elapsed="0.802881"/>
</kw>
<kw name="Select Result Status" owner="run_page">
<kw name="Wait Until Element Is Visible" owner="SeleniumLibrary">
<arg>${run_locator.run_result}</arg>
<arg>timeout=10s</arg>
<doc>Waits until the element ``locator`` is visible.</doc>
<status status="PASS" start="2025-05-08T14:37:56.912626" elapsed="0.069375"/>
</kw>
<kw name="Click Element" owner="SeleniumLibrary">
<msg time="2025-05-08T14:37:56.982690" level="INFO">Clicking element 'xpath=//div[contains(@class, 'ant-select-item-option-content') and text()='PASSED']'.</msg>
<arg>${run_locator.run_result}</arg>
<doc>Click the element identified by ``locator``.</doc>
<status status="PASS" start="2025-05-08T14:37:56.982349" elapsed="0.133337"/>
</kw>
<status status="PASS" start="2025-05-08T14:37:56.911575" elapsed="0.204304"/>
</kw>
<kw name="Click Close button" owner="run_page">
<kw name="Wait Until Element Is Visible" owner="SeleniumLibrary">
<arg>${run_locator.close_button}</arg>
<arg>timeout=10s</arg>
<doc>Waits until the element ``locator`` is visible.</doc>
<status status="PASS" start="2025-05-08T14:37:57.116861" elapsed="0.033820"/>
</kw>
<kw name="Click Element" owner="SeleniumLibrary">
<msg time="2025-05-08T14:37:57.151738" level="INFO">Clicking element 'xpath=//button[contains(@class, 'btn-cancel')]//span[normalize-space(text())='Close']'.</msg>
<arg>${run_locator.close_button}</arg>
<doc>Click the element identified by ``locator``.</doc>
<status status="PASS" start="2025-05-08T14:37:57.151068" elapsed="0.163115"/>
</kw>
<status status="PASS" start="2025-05-08T14:37:57.116459" elapsed="0.197859"/>
</kw>
<kw name="Select Run Name" owner="run_page">
<kw name="Wait Until Element Is Visible" owner="SeleniumLibrary">
<arg>${run_locator.run_name}</arg>
<arg>timeout=10s</arg>
<doc>Waits until the element ``locator`` is visible.</doc>
<status status="PASS" start="2025-05-08T14:37:57.315568" elapsed="0.029610"/>
</kw>
<kw name="Click Element" owner="SeleniumLibrary">
<msg time="2025-05-08T14:37:57.346174" level="INFO">Clicking element 'xpath=//div[@class='run-name-text' and text()='pandaperapat1']'.</msg>
<arg>${run_locator.run_name}</arg>
<doc>Click the element identified by ``locator``.</doc>
<status status="PASS" start="2025-05-08T14:37:57.345641" elapsed="0.380943"/>
</kw>
<status status="PASS" start="2025-05-08T14:37:57.315059" elapsed="0.411716"/>
</kw>
<status status="PASS" start="2025-05-08T14:37:49.976661" elapsed="7.750558"/>
</test>
<status status="PASS" start="2025-05-08T14:34:43.788005" elapsed="193.940738"/>
</suite>
<statistics>
<total>
<stat pass="15" fail="0" skip="0">All Tests</stat>
</total>
<tag>
</tag>
<suite>
<stat name="Test" id="s1" pass="15" fail="0" skip="0">Test</stat>
</suite>
</statistics>
<errors>
</errors>
</robot>
