<?xml version="1.0" encoding="UTF-8"?>
<robot generator="Robot 7.2.2 (Python 3.13.2 on win32)" generated="2025-04-18T12:16:02.758334" rpa="false" schemaversion="5">
<suite id="s1" name="Test" source="C:\web_automation\testcases\test.robot">
<test id="s1-t1" name="TC01" line="5">
<kw name="Generate Random String" owner="String">
<msg time="2025-04-18T12:16:02.929272" level="INFO">${RANDOM} = gJn2hH</msg>
<var>${RANDOM}</var>
<arg>6</arg>
<doc>Generates a string with a desired ``length`` from the given ``chars``.</doc>
<status status="PASS" start="2025-04-18T12:16:02.929079" elapsed="0.000222"/>
</kw>
<kw name="Set Variable" owner="BuiltIn">
<msg time="2025-04-18T12:16:02.929649" level="INFO">${EMAIL} = testgJn2hH@gmail.com</msg>
<var>${EMAIL}</var>
<arg>test${RANDOM}@gmail.com</arg>
<doc>Returns the given values which can then be assigned to a variables.</doc>
<status status="PASS" start="2025-04-18T12:16:02.929518" elapsed="0.000158"/>
</kw>
<kw name="Open doppio-training website" owner="common_page">
<kw name="Open Browser" owner="SeleniumLibrary">
<msg time="2025-04-18T12:16:02.930840" level="INFO">Opening browser 'chrome' to base url 'https://training-platform.doppio-tech.com'.</msg>
<arg>${global.url}</arg>
<arg>${global.browser}</arg>
<doc>Opens a new browser instance to the optional ``url``.</doc>
<status status="PASS" start="2025-04-18T12:16:02.930116" elapsed="1.973000"/>
</kw>
<kw name="Maximize Browser Window" owner="SeleniumLibrary">
<doc>Maximizes current browser window.</doc>
<status status="PASS" start="2025-04-18T12:16:04.903335" elapsed="0.026095"/>
</kw>
<status status="PASS" start="2025-04-18T12:16:02.929894" elapsed="1.999718"/>
</kw>
<kw name="Register" owner="register_feature">
<kw name="Click user icon" owner="home_page">
<kw name="Wait Until Element Is Visible" owner="SeleniumLibrary">
<arg>${home_locator.click_user_icon}</arg>
<arg>5s</arg>
<doc>Waits until the element ``locator`` is visible.</doc>
<status status="PASS" start="2025-04-18T12:16:04.930472" elapsed="0.018709"/>
</kw>
<kw name="Click Element" owner="SeleniumLibrary">
<msg time="2025-04-18T12:16:04.949606" level="INFO">Clicking element 'css=span.anticon-user.icon-size'.</msg>
<arg>${home_locator.click_user_icon}</arg>
<doc>Click the element identified by ``locator``.</doc>
<status status="PASS" start="2025-04-18T12:16:04.949402" elapsed="0.102316"/>
</kw>
<status status="PASS" start="2025-04-18T12:16:04.930291" elapsed="0.121577"/>
</kw>
<kw name="Click signup button" owner="login_page">
<kw name="Click Element" owner="SeleniumLibrary">
<msg time="2025-04-18T12:16:05.052600" level="INFO">Clicking element 'xpath=//button[span[text()='Sign up']]'.</msg>
<arg>${login_locator.click_signup_button}</arg>
<doc>Click the element identified by ``locator``.</doc>
<status status="PASS" start="2025-04-18T12:16:05.052418" elapsed="0.086636"/>
</kw>
<status status="PASS" start="2025-04-18T12:16:05.052144" elapsed="0.087056"/>
</kw>
<kw name="Input username" owner="register_page">
<kw name="Input Text" owner="SeleniumLibrary">
<msg time="2025-04-18T12:16:05.139954" level="INFO">Typing text 'testgJn2hH@gmail.com' into text field 'id=basic_username'.</msg>
<arg>${register_locator.input_username}</arg>
<arg>${EMAIL}</arg>
<doc>Types the given ``text`` into the text field identified by ``locator``.</doc>
<status status="PASS" start="2025-04-18T12:16:05.139755" elapsed="0.107329"/>
</kw>
<arg>${EMAIL}</arg>
<status status="PASS" start="2025-04-18T12:16:05.139434" elapsed="0.107755"/>
</kw>
<kw name="Input password" owner="register_page">
<kw name="Input Text" owner="SeleniumLibrary">
<msg time="2025-04-18T12:16:05.248116" level="INFO">Typing text 'Test123*' into text field 'id=basic_password'.</msg>
<arg>${register_locator.input_password}</arg>
<arg>${global.password}</arg>
<doc>Types the given ``text`` into the text field identified by ``locator``.</doc>
<status status="PASS" start="2025-04-18T12:16:05.247602" elapsed="0.063012"/>
</kw>
<status status="PASS" start="2025-04-18T12:16:05.247379" elapsed="0.063341"/>
</kw>
<kw name="Confirm password" owner="register_page">
<kw name="Input Text" owner="SeleniumLibrary">
<msg time="2025-04-18T12:16:05.311613" level="INFO">Typing text 'Test123*' into text field 'id=basic_confirmPassword'.</msg>
<arg>${register_locator.input_confirm_password}</arg>
<arg>${global.password}</arg>
<doc>Types the given ``text`` into the text field identified by ``locator``.</doc>
<status status="PASS" start="2025-04-18T12:16:05.311129" elapsed="0.063275"/>
</kw>
<status status="PASS" start="2025-04-18T12:16:05.310914" elapsed="0.063602"/>
</kw>
<kw name="Click signup button" owner="register_page">
<kw name="Click Button" owner="SeleniumLibrary">
<msg time="2025-04-18T12:16:05.375113" level="INFO">Clicking button 'xpath=//button[.//span[text()='SIGNUP']]'.</msg>
<arg>${register_locator.click_signup_button}</arg>
<doc>Clicks the button identified by ``locator``.</doc>
<status status="PASS" start="2025-04-18T12:16:05.374963" elapsed="0.055075"/>
</kw>
<status status="PASS" start="2025-04-18T12:16:05.374726" elapsed="0.055420"/>
</kw>
<kw name="Click signup successfully popup" owner="register_page">
<kw name="Wait Until Element Is Visible" owner="SeleniumLibrary">
<arg>${register_locator.click_signup_successfully_popup}</arg>
<arg>5s</arg>
<doc>Waits until the element ``locator`` is visible.</doc>
<status status="PASS" start="2025-04-18T12:16:05.430665" elapsed="0.434980"/>
</kw>
<kw name="Click Button" owner="SeleniumLibrary">
<msg time="2025-04-18T12:16:05.866029" level="INFO">Clicking button 'xpath=//button[.//span[text()='OK']]'.</msg>
<arg>${register_locator.click_signup_successfully_popup}</arg>
<doc>Clicks the button identified by ``locator``.</doc>
<status status="PASS" start="2025-04-18T12:16:05.865844" elapsed="0.048385"/>
</kw>
<status status="PASS" start="2025-04-18T12:16:05.430371" elapsed="0.483967"/>
</kw>
<arg>${EMAIL}</arg>
<status status="PASS" start="2025-04-18T12:16:04.929995" elapsed="0.984385"/>
</kw>
<kw name="logout" owner="logout_feature">
<kw name="Click user icon" owner="home_page">
<kw name="Wait Until Element Is Visible" owner="SeleniumLibrary">
<arg>${home_locator.click_user_icon}</arg>
<arg>5s</arg>
<doc>Waits until the element ``locator`` is visible.</doc>
<status status="PASS" start="2025-04-18T12:16:05.915135" elapsed="0.222629"/>
</kw>
<kw name="Click Element" owner="SeleniumLibrary">
<msg time="2025-04-18T12:16:06.138163" level="INFO">Clicking element 'css=span.anticon-user.icon-size'.</msg>
<arg>${home_locator.click_user_icon}</arg>
<doc>Click the element identified by ``locator``.</doc>
<status status="PASS" start="2025-04-18T12:16:06.137967" elapsed="0.220014"/>
</kw>
<status status="PASS" start="2025-04-18T12:16:05.914983" elapsed="0.443108"/>
</kw>
<kw name="Click logout" owner="account_page">
<kw name="Wait Until Element Is Visible" owner="SeleniumLibrary">
<arg>${account_locator.click_logout}</arg>
<arg>5s</arg>
<doc>Waits until the element ``locator`` is visible.</doc>
<status status="PASS" start="2025-04-18T12:16:06.358522" elapsed="0.012107"/>
</kw>
<kw name="Click Button" owner="SeleniumLibrary">
<msg time="2025-04-18T12:16:06.370963" level="INFO">Clicking button 'css=button.ant-btn-dangerous'.</msg>
<arg>${account_locator.click_logout}</arg>
<doc>Clicks the button identified by ``locator``.</doc>
<status status="PASS" start="2025-04-18T12:16:06.370800" elapsed="0.246468"/>
</kw>
<status status="PASS" start="2025-04-18T12:16:06.358281" elapsed="0.259143"/>
</kw>
<kw name="Click user icon" owner="home_page">
<kw name="Wait Until Element Is Visible" owner="SeleniumLibrary">
<arg>${home_locator.click_user_icon}</arg>
<arg>5s</arg>
<doc>Waits until the element ``locator`` is visible.</doc>
<status status="PASS" start="2025-04-18T12:16:06.617900" elapsed="0.011311"/>
</kw>
<kw name="Click Element" owner="SeleniumLibrary">
<msg time="2025-04-18T12:16:06.629592" level="INFO">Clicking element 'css=span.anticon-user.icon-size'.</msg>
<arg>${home_locator.click_user_icon}</arg>
<doc>Click the element identified by ``locator``.</doc>
<status status="PASS" start="2025-04-18T12:16:06.629407" elapsed="0.058117"/>
</kw>
<status status="PASS" start="2025-04-18T12:16:06.617666" elapsed="0.070131"/>
</kw>
<status status="PASS" start="2025-04-18T12:16:05.914753" elapsed="0.773092"/>
</kw>
<kw name="login" owner="login_feature">
<kw name="Input email" owner="login_page">
<kw name="Wait Until Element Is Visible" owner="SeleniumLibrary">
<arg>${login_locator.input_email}</arg>
<arg>5s</arg>
<doc>Waits until the element ``locator`` is visible.</doc>
<status status="PASS" start="2025-04-18T12:16:06.689087" elapsed="0.017799"/>
</kw>
<kw name="Input Text" owner="SeleniumLibrary">
<msg time="2025-04-18T12:16:06.707371" level="INFO">Typing text 'testgJn2hH@gmail.com' into text field 'xpath=(//input[@type='text'])[1]'.</msg>
<arg>${login_locator.input_email}</arg>
<arg>${EMAIL}</arg>
<doc>Types the given ``text`` into the text field identified by ``locator``.</doc>
<status status="PASS" start="2025-04-18T12:16:06.707115" elapsed="0.055532"/>
</kw>
<arg>${EMAIL}</arg>
<status status="PASS" start="2025-04-18T12:16:06.688776" elapsed="0.073979"/>
</kw>
<kw name="Input password" owner="login_page">
<kw name="Input Text" owner="SeleniumLibrary">
<msg time="2025-04-18T12:16:06.763679" level="INFO">Typing text 'Test123*' into text field 'xpath=(//input[@type='password'])[1]'.</msg>
<arg>${login_locator.input_password}</arg>
<arg>${global.password}</arg>
<doc>Types the given ``text`` into the text field identified by ``locator``.</doc>
<status status="PASS" start="2025-04-18T12:16:06.763178" elapsed="0.053093"/>
</kw>
<status status="PASS" start="2025-04-18T12:16:06.762941" elapsed="0.053438"/>
</kw>
<kw name="Click login button" owner="login_page">
<kw name="Click Button" owner="SeleniumLibrary">
<msg time="2025-04-18T12:16:06.817031" level="INFO">Clicking button 'xpath=//button[contains(@class,'button-login')]'.</msg>
<arg>${login_locator.click_login_button}</arg>
<doc>Clicks the button identified by ``locator``.</doc>
<status status="PASS" start="2025-04-18T12:16:06.816880" elapsed="0.052521"/>
</kw>
<status status="PASS" start="2025-04-18T12:16:06.816647" elapsed="0.052881"/>
</kw>
<kw name="Click login successfully popup" owner="login_page">
<kw name="Wait Until Element Is Visible" owner="SeleniumLibrary">
<arg>${login_locator.click_login_successfully_popup}</arg>
<arg>5s</arg>
<doc>Waits until the element ``locator`` is visible.</doc>
<status status="PASS" start="2025-04-18T12:16:06.870093" elapsed="0.220083"/>
</kw>
<kw name="Click Button" owner="SeleniumLibrary">
<msg time="2025-04-18T12:16:07.090576" level="INFO">Clicking button 'xpath=//button[.//span[text()='OK']]'.</msg>
<arg>${login_locator.click_login_successfully_popup}</arg>
<doc>Clicks the button identified by ``locator``.</doc>
<status status="PASS" start="2025-04-18T12:16:07.090390" elapsed="0.074846"/>
</kw>
<status status="PASS" start="2025-04-18T12:16:06.869764" elapsed="0.295571"/>
</kw>
<arg>${EMAIL}</arg>
<status status="PASS" start="2025-04-18T12:16:06.688352" elapsed="0.477035"/>
</kw>
<kw name="Search" owner="search_feature">
<kw name="Input search keyword" owner="home_page">
<kw name="Wait Until Element Is Visible" owner="SeleniumLibrary">
<arg>${home_locator.input_search_keyword}</arg>
<arg>5s</arg>
<doc>Waits until the element ``locator`` is visible.</doc>
<status status="PASS" start="2025-04-18T12:16:07.166112" elapsed="0.016082"/>
</kw>
<kw name="Input Text" owner="SeleniumLibrary">
<msg time="2025-04-18T12:16:07.182832" level="INFO">Typing text 'phone' into text field 'xpath=//input[@placeholder='input search text']'.</msg>
<arg>${home_locator.input_search_keyword}</arg>
<arg>${KEYWORD}</arg>
<doc>Types the given ``text`` into the text field identified by ``locator``.</doc>
<status status="PASS" start="2025-04-18T12:16:07.182413" elapsed="0.065426"/>
</kw>
<arg>${SEARCH_KEYWORD}</arg>
<status status="PASS" start="2025-04-18T12:16:07.165919" elapsed="0.082022"/>
</kw>
<kw name="Click search" owner="home_page">
<kw name="Click Button" owner="SeleniumLibrary">
<msg time="2025-04-18T12:16:07.248514" level="INFO">Clicking button 'xpath=//button[contains(@class, 'ant-input-search-button')]'.</msg>
<arg>${home_locator.click_search}</arg>
<doc>Clicks the button identified by ``locator``.</doc>
<status status="PASS" start="2025-04-18T12:16:07.248361" elapsed="0.189030"/>
</kw>
<status status="PASS" start="2025-04-18T12:16:07.248139" elapsed="0.189350"/>
</kw>
<arg>phone</arg>
<status status="PASS" start="2025-04-18T12:16:07.165671" elapsed="0.271881"/>
</kw>
<kw name="addToCart" owner="addToCart_feature">
<kw name="Select item" owner="home_page">
<kw name="Wait Until Element Is Visible" owner="SeleniumLibrary">
<arg>${home_locator.search_item}</arg>
<arg>5s</arg>
<doc>Waits until the element ``locator`` is visible.</doc>
<status status="PASS" start="2025-04-18T12:16:07.438374" elapsed="0.217733"/>
</kw>
<kw name="Click Element" owner="SeleniumLibrary">
<msg time="2025-04-18T12:16:07.656515" level="INFO">Clicking element 'xpath=//div[@class='ant-card-meta-title' and text()='Doppee phone']'.</msg>
<arg>${home_locator.search_item}</arg>
<doc>Click the element identified by ``locator``.</doc>
<status status="PASS" start="2025-04-18T12:16:07.656325" elapsed="0.084311"/>
</kw>
<status status="PASS" start="2025-04-18T12:16:07.438214" elapsed="0.302566"/>
</kw>
<kw name="Click add to cart" owner="item_page">
<kw name="Wait Until Element Is Visible" owner="SeleniumLibrary">
<arg>${item_locator.click_add_to_cart}</arg>
<arg>5s</arg>
<doc>Waits until the element ``locator`` is visible.</doc>
<status status="PASS" start="2025-04-18T12:16:07.741260" elapsed="0.223337"/>
</kw>
<kw name="Click Button" owner="SeleniumLibrary">
<msg time="2025-04-18T12:16:07.964963" level="INFO">Clicking button 'css=button.cart-button'.</msg>
<arg>${item_locator.click_add_to_cart}</arg>
<doc>Clicks the button identified by ``locator``.</doc>
<status status="PASS" start="2025-04-18T12:16:07.964787" elapsed="0.046347"/>
</kw>
<status status="PASS" start="2025-04-18T12:16:07.741032" elapsed="0.270199"/>
</kw>
<kw name="Click add product successfully popup" owner="item_page">
<kw name="Click Button" owner="SeleniumLibrary">
<msg time="2025-04-18T12:16:08.011755" level="INFO">Clicking button 'xpath=//button[.//span[text()='OK']]'.</msg>
<arg>${item_locator.click_add_product_successfully_popup}</arg>
<doc>Clicks the button identified by ``locator``.</doc>
<status status="PASS" start="2025-04-18T12:16:08.011615" elapsed="0.071225"/>
</kw>
<kw name="Wait Until Element Is Not Visible" owner="SeleniumLibrary">
<arg>${item_locator.click_add_product_successfully_popup}</arg>
<doc>Waits until the element ``locator`` is not visible.</doc>
<status status="PASS" start="2025-04-18T12:16:08.083051" elapsed="0.221103"/>
</kw>
<status status="PASS" start="2025-04-18T12:16:08.011408" elapsed="0.292838"/>
</kw>
<kw name="Click cart icon" owner="item_page">
<kw name="Click Element" owner="SeleniumLibrary">
<msg time="2025-04-18T12:16:08.304772" level="INFO">Clicking element 'css=span.anticon-shopping-cart.icon-size'.</msg>
<arg>${item_locator.click_cart_icon}</arg>
<doc>Click the element identified by ``locator``.</doc>
<status status="PASS" start="2025-04-18T12:16:08.304631" elapsed="0.072371"/>
</kw>
<status status="PASS" start="2025-04-18T12:16:08.304423" elapsed="0.073192"/>
</kw>
<status status="PASS" start="2025-04-18T12:16:07.437969" elapsed="0.939704"/>
</kw>
<kw name="delivery" owner="delivery_feature">
<kw name="Input name" owner="delivery_page">
<kw name="Wait Until Page Contains Element" owner="SeleniumLibrary">
<arg>${delivery_locator.input_name}</arg>
<doc>Waits until the element ``locator`` appears on the current page.</doc>
<status status="PASS" start="2025-04-18T12:16:08.378791" elapsed="0.009315"/>
</kw>
<kw name="Press Keys" owner="SeleniumLibrary">
<msg time="2025-04-18T12:16:08.388581" level="INFO">Sending key(s) ('A',) to id=form_item_name element.</msg>
<msg time="2025-04-18T12:16:08.659671" level="INFO">Sending key A</msg>
<arg>${delivery_locator.input_name}</arg>
<arg>A</arg>
<doc>Simulates the user pressing key(s) to an element or on the active browser.</doc>
<status status="PASS" start="2025-04-18T12:16:08.388274" elapsed="0.278215"/>
</kw>
<kw name="Press Keys" owner="SeleniumLibrary">
<msg time="2025-04-18T12:16:08.667098" level="INFO">Sending key(s) ('l',) to id=form_item_name element.</msg>
<msg time="2025-04-18T12:16:08.944885" level="INFO">Sending key l</msg>
<arg>${delivery_locator.input_name}</arg>
<arg>l</arg>
<doc>Simulates the user pressing key(s) to an element or on the active browser.</doc>
<status status="PASS" start="2025-04-18T12:16:08.666719" elapsed="0.287701"/>
</kw>
<kw name="Press Keys" owner="SeleniumLibrary">
<msg time="2025-04-18T12:16:08.954996" level="INFO">Sending key(s) ('i',) to id=form_item_name element.</msg>
<msg time="2025-04-18T12:16:09.239972" level="INFO">Sending key i</msg>
<arg>${delivery_locator.input_name}</arg>
<arg>i</arg>
<doc>Simulates the user pressing key(s) to an element or on the active browser.</doc>
<status status="PASS" start="2025-04-18T12:16:08.954623" elapsed="0.293393"/>
</kw>
<kw name="Press Keys" owner="SeleniumLibrary">
<msg time="2025-04-18T12:16:09.248594" level="INFO">Sending key(s) ('c',) to id=form_item_name element.</msg>
<msg time="2025-04-18T12:16:09.523559" level="INFO">Sending key c</msg>
<arg>${delivery_locator.input_name}</arg>
<arg>c</arg>
<doc>Simulates the user pressing key(s) to an element or on the active browser.</doc>
<status status="PASS" start="2025-04-18T12:16:09.248216" elapsed="0.284814"/>
</kw>
<kw name="Press Keys" owner="SeleniumLibrary">
<msg time="2025-04-18T12:16:09.533613" level="INFO">Sending key(s) ('e',) to id=form_item_name element.</msg>
<msg time="2025-04-18T12:16:09.804727" level="INFO">Sending key e</msg>
<arg>${delivery_locator.input_name}</arg>
<arg>e</arg>
<doc>Simulates the user pressing key(s) to an element or on the active browser.</doc>
<status status="PASS" start="2025-04-18T12:16:09.533234" elapsed="0.279338"/>
</kw>
<kw name="Wait Until Element Is Visible" owner="SeleniumLibrary">
<arg>${delivery_locator.input_surname}</arg>
<arg>10s</arg>
<doc>Waits until the element ``locator`` is visible.</doc>
<status status="PASS" start="2025-04-18T12:16:09.812784" elapsed="0.013154"/>
</kw>
<status status="PASS" start="2025-04-18T12:16:08.378618" elapsed="1.447408"/>
</kw>
<kw name="Input surname" owner="delivery_page">
<kw name="Input Text" owner="SeleniumLibrary">
<msg time="2025-04-18T12:16:09.826899" level="INFO">Typing text 'Wonderland' into text field 'id=form_item_surName'.</msg>
<arg>${delivery_locator.input_surname}</arg>
<arg>${delivery.surname}</arg>
<doc>Types the given ``text`` into the text field identified by ``locator``.</doc>
<status status="PASS" start="2025-04-18T12:16:09.826399" elapsed="0.062165"/>
</kw>
<status status="PASS" start="2025-04-18T12:16:09.826196" elapsed="0.062500"/>
</kw>
<kw name="Input address" owner="delivery_page">
<kw name="Input Text" owner="SeleniumLibrary">
<msg time="2025-04-18T12:16:09.889617" level="INFO">Typing text '123 Magic Street' into text field 'id=form_item_address'.</msg>
<arg>${delivery_locator.input_address}</arg>
<arg>${delivery.address}</arg>
<doc>Types the given ``text`` into the text field identified by ``locator``.</doc>
<status status="PASS" start="2025-04-18T12:16:09.889106" elapsed="0.083199"/>
</kw>
<status status="PASS" start="2025-04-18T12:16:09.888881" elapsed="0.083574"/>
</kw>
<kw name="Input phone" owner="delivery_page">
<kw name="Input Text" owner="SeleniumLibrary">
<msg time="2025-04-18T12:16:09.974468" level="INFO">Typing text '0812345678' into text field 'id=form_item_phone'.</msg>
<arg>${delivery_locator.input_phone}</arg>
<arg>${delivery.phone}</arg>
<doc>Types the given ``text`` into the text field identified by ``locator``.</doc>
<status status="PASS" start="2025-04-18T12:16:09.973342" elapsed="0.084781"/>
</kw>
<status status="PASS" start="2025-04-18T12:16:09.972844" elapsed="0.085396"/>
</kw>
<kw name="Input email" owner="delivery_page">
<kw name="Input Text" owner="SeleniumLibrary">
<msg time="2025-04-18T12:16:10.059721" level="INFO">Typing text 'testgJn2hH@gmail.com' into text field 'id=form_item_email'.</msg>
<arg>${delivery_locator.input_email}</arg>
<arg>${EMAIL}</arg>
<doc>Types the given ``text`` into the text field identified by ``locator``.</doc>
<status status="PASS" start="2025-04-18T12:16:10.059344" elapsed="0.102309"/>
</kw>
<arg>${EMAIL}</arg>
<status status="PASS" start="2025-04-18T12:16:10.058515" elapsed="0.103282"/>
</kw>
<kw name="Click pay" owner="delivery_page">
<kw name="Click Button" owner="SeleniumLibrary">
<msg time="2025-04-18T12:16:10.162455" level="INFO">Clicking button 'xpath=//button[contains(., 'PAY')]'.</msg>
<arg>xpath=//button[contains(., 'PAY')]</arg>
<doc>Clicks the button identified by ``locator``.</doc>
<status status="PASS" start="2025-04-18T12:16:10.162297" elapsed="0.086334"/>
</kw>
<kw name="Wait Until Page Contains Element" owner="SeleniumLibrary">
<arg>${selectPayment_locator.click_next}</arg>
<arg>15s</arg>
<doc>Waits until the element ``locator`` appears on the current page.</doc>
<status status="PASS" start="2025-04-18T12:16:10.248887" elapsed="0.008413"/>
</kw>
<status status="PASS" start="2025-04-18T12:16:10.162019" elapsed="0.095378"/>
</kw>
<arg>${EMAIL}</arg>
<status status="PASS" start="2025-04-18T12:16:08.378193" elapsed="1.879245"/>
</kw>
<kw name="click next" owner="selectPayment_page">
<kw name="Click Button" owner="SeleniumLibrary">
<msg time="2025-04-18T12:16:10.258151" level="INFO">Clicking button 'xpath=//button[contains(@class, 'ant-btn-dangerous')]'.</msg>
<arg>${selectPayment_locator.click_next}</arg>
<doc>Clicks the button identified by ``locator``.</doc>
<status status="PASS" start="2025-04-18T12:16:10.258011" elapsed="0.073893"/>
</kw>
<status status="PASS" start="2025-04-18T12:16:10.257784" elapsed="0.074252"/>
</kw>
<kw name="paymentDetail" owner="paymentDetail_feature">
<kw name="Input card number" owner="paymentDetail_page">
<kw name="Wait Until Element Is Visible" owner="SeleniumLibrary">
<arg>${paymentDetail_locator.input_card_number}</arg>
<arg>10s</arg>
<doc>Waits until the element ``locator`` is visible.</doc>
<status status="PASS" start="2025-04-18T12:16:10.332954" elapsed="0.013522"/>
</kw>
<kw name="Input Text" owner="SeleniumLibrary">
<msg time="2025-04-18T12:16:10.347309" level="INFO">Typing text '4111111111111111' into text field 'id=basic_bin'.</msg>
<arg>${paymentDetail_locator.input_card_number}</arg>
<arg>${paymentDetail.card_number}</arg>
<doc>Types the given ``text`` into the text field identified by ``locator``.</doc>
<status status="PASS" start="2025-04-18T12:16:10.346670" elapsed="0.077819"/>
</kw>
<status status="PASS" start="2025-04-18T12:16:10.332788" elapsed="0.091805"/>
</kw>
<kw name="Input card exp" owner="paymentDetail_page">
<kw name="Input Text" owner="SeleniumLibrary">
<msg time="2025-04-18T12:16:10.425861" level="INFO">Typing text '12/2030' into text field 'id=basic_exp'.</msg>
<arg>${paymentDetail_locator.input_card_exp}</arg>
<arg>${paymentDetail.card_exp}</arg>
<doc>Types the given ``text`` into the text field identified by ``locator``.</doc>
<status status="PASS" start="2025-04-18T12:16:10.425006" elapsed="0.064404"/>
</kw>
<status status="PASS" start="2025-04-18T12:16:10.424779" elapsed="0.064738"/>
</kw>
<kw name="Input card cvc" owner="paymentDetail_page">
<kw name="Input Text" owner="SeleniumLibrary">
<msg time="2025-04-18T12:16:10.490541" level="INFO">Typing text '123' into text field 'id=basic_cvc'.</msg>
<arg>${paymentDetail_locator.input_card_cvc}</arg>
<arg>${paymentDetail.card_cvc}</arg>
<doc>Types the given ``text`` into the text field identified by ``locator``.</doc>
<status status="PASS" start="2025-04-18T12:16:10.489959" elapsed="0.050562"/>
</kw>
<status status="PASS" start="2025-04-18T12:16:10.489721" elapsed="0.050899"/>
</kw>
<kw name="Input card owner" owner="paymentDetail_page">
<kw name="Input Text" owner="SeleniumLibrary">
<msg time="2025-04-18T12:16:10.541715" level="INFO">Typing text 'Alice Wonderland' into text field 'id=basic_owner'.</msg>
<arg>${paymentDetail_locator.input_card_owner}</arg>
<arg>${paymentDetail.card_owner}</arg>
<doc>Types the given ``text`` into the text field identified by ``locator``.</doc>
<status status="PASS" start="2025-04-18T12:16:10.541130" elapsed="0.072969"/>
</kw>
<status status="PASS" start="2025-04-18T12:16:10.540813" elapsed="0.073423"/>
</kw>
<kw name="Click confirm" owner="paymentDetail_page">
<kw name="Click Button" owner="SeleniumLibrary">
<msg time="2025-04-18T12:16:10.615066" level="INFO">Clicking button 'xpath=//button[@type='submit' and contains(., 'Confirm Payment')]'.</msg>
<arg>${paymentDetail_locator.click_confirm}</arg>
<doc>Clicks the button identified by ``locator``.</doc>
<status status="PASS" start="2025-04-18T12:16:10.614845" elapsed="0.061998"/>
</kw>
<status status="PASS" start="2025-04-18T12:16:10.614475" elapsed="0.062507"/>
</kw>
<kw name="Click payment successfully popup" owner="paymentDetail_page">
<kw name="Wait Until Element Is Visible" owner="SeleniumLibrary">
<arg>${paymentDetail_locator.click_payment_successfully_popup}</arg>
<arg>5s</arg>
<doc>Waits until the element ``locator`` is visible.</doc>
<status status="PASS" start="2025-04-18T12:16:10.677567" elapsed="0.230259"/>
</kw>
<kw name="Click Button" owner="SeleniumLibrary">
<msg time="2025-04-18T12:16:10.908215" level="INFO">Clicking button 'xpath=//div[contains(@class, 'ant-modal-confirm-btns')]//button[.//span[text()='OK']]'.</msg>
<arg>${paymentDetail_locator.click_payment_successfully_popup}</arg>
<doc>Clicks the button identified by ``locator``.</doc>
<status status="PASS" start="2025-04-18T12:16:10.908031" elapsed="0.071515"/>
</kw>
<status status="PASS" start="2025-04-18T12:16:10.677262" elapsed="0.302394"/>
</kw>
<status status="PASS" start="2025-04-18T12:16:10.332469" elapsed="0.647241"/>
</kw>
<kw name="Click continue shopping" owner="paymentSuccess_page">
<kw name="Wait Until Element Is Visible" owner="SeleniumLibrary">
<arg>${paymentSuccess_locator.click_continue_shopping}</arg>
<arg>10s</arg>
<doc>Waits until the element ``locator`` is visible.</doc>
<status status="PASS" start="2025-04-18T12:16:10.980283" elapsed="0.020024"/>
</kw>
<kw name="Wait Until Keyword Succeeds" owner="BuiltIn">
<kw name="Click Element" owner="SeleniumLibrary">
<msg time="2025-04-18T12:16:11.000941" level="INFO">Clicking element 'xpath=//button[.//span[normalize-space()='Continue Shopping']]'.</msg>
<msg time="2025-04-18T12:16:12.129188" level="INFO" html="true">&lt;/td&gt;&lt;/tr&gt;&lt;tr&gt;&lt;td colspan="3"&gt;&lt;a href="selenium-screenshot-2.png"&gt;&lt;img src="selenium-screenshot-2.png" width="800px"&gt;&lt;/a&gt;</msg>
<msg time="2025-04-18T12:16:12.129655" level="FAIL">ElementClickInterceptedException: Message: element click intercepted: Element &lt;button data-v-03373670="" class="css-eq3tly ant-btn ant-btn-link" type="button" style="margin-top: 20px;"&gt;...&lt;/button&gt; is not clickable at point (760, 527). Other element would receive the click: &lt;div data-v-03373670="" class="main-contents"&gt;...&lt;/div&gt;
  (Session info: chrome=135.0.7049.96)
Stacktrace:
	GetHandleVerifier [0x00007FF7004C5355+78597]
	GetHandleVerifier [0x00007FF7004C53B0+78688]
	(No symbol) [0x00007FF7002791AA]
	(No symbol) [0x00007FF7002D7089]
	(No symbol) [0x00007FF7002D4A42]
	(No symbol) [0x00007FF7002D1AE1]
	(No symbol) [0x00007FF7002D0A42]
	(No symbol) [0x00007FF7002C2204]
	(No symbol) [0x00007FF7002F70EA]
	(No symbol) [0x00007FF7002C1AB6]
	(No symbol) [0x00007FF7002F7300]
	(No symbol) [0x00007FF70031F2BB]
	(No symbol) [0x00007FF7002F6EC3]
	(No symbol) [0x00007FF7002C03F8]
	(No symbol) [0x00007FF7002C1163]
	GetHandleVerifier [0x00007FF70076EF0D+2870973]
	GetHandleVerifier [0x00007FF7007696B8+2848360]
	GetHandleVerifier [0x00007FF700786993+2967875]
	GetHandleVerifier [0x00007FF7004E019A+188746]
	GetHandleVerifier [0x00007FF7004E847F+222255]
	GetHandleVerifier [0x00007FF7004CD2D4+111236]
	GetHandleVerifier [0x00007FF7004CD482+111666]
	GetHandleVerifier [0x00007FF7004B35A9+5465]
	BaseThreadInitThunk [0x00007FFE6E65259D+29]
	RtlUserThreadStart [0x00007FFE6F88AF38+40]
</msg>
<arg>${paymentSuccess_locator.click_continue_shopping}</arg>
<doc>Click the element identified by ``locator``.</doc>
<status status="FAIL" start="2025-04-18T12:16:11.000780" elapsed="1.132323">ElementClickInterceptedException: Message: element click intercepted: Element &lt;button data-v-03373670="" class="css-eq3tly ant-btn ant-btn-link" type="button" style="margin-top: 20px;"&gt;...&lt;/button&gt; is not clickable at point (760, 527). Other element would receive the click: &lt;div data-v-03373670="" class="main-contents"&gt;...&lt;/div&gt;
  (Session info: chrome=135.0.7049.96)
Stacktrace:
	GetHandleVerifier [0x00007FF7004C5355+78597]
	GetHandleVerifier [0x00007FF7004C53B0+78688]
	(No symbol) [0x00007FF7002791AA]
	(No symbol) [0x00007FF7002D7089]
	(No symbol) [0x00007FF7002D4A42]
	(No symbol) [0x00007FF7002D1AE1]
	(No symbol) [0x00007FF7002D0A42]
	(No symbol) [0x00007FF7002C2204]
	(No symbol) [0x00007FF7002F70EA]
	(No symbol) [0x00007FF7002C1AB6]
	(No symbol) [0x00007FF7002F7300]
	(No symbol) [0x00007FF70031F2BB]
	(No symbol) [0x00007FF7002F6EC3]
	(No symbol) [0x00007FF7002C03F8]
	(No symbol) [0x00007FF7002C1163]
	GetHandleVerifier [0x00007FF70076EF0D+2870973]
	GetHandleVerifier [0x00007FF7007696B8+2848360]
	GetHandleVerifier [0x00007FF700786993+2967875]
	GetHandleVerifier [0x00007FF7004E019A+188746]
	GetHandleVerifier [0x00007FF7004E847F+222255]
	GetHandleVerifier [0x00007FF7004CD2D4+111236]
	GetHandleVerifier [0x00007FF7004CD482+111666]
	GetHandleVerifier [0x00007FF7004B35A9+5465]
	BaseThreadInitThunk [0x00007FFE6E65259D+29]
	RtlUserThreadStart [0x00007FFE6F88AF38+40]
</status>
</kw>
<kw name="Click Element" owner="SeleniumLibrary">
<msg time="2025-04-18T12:16:13.135192" level="INFO">Clicking element 'xpath=//button[.//span[normalize-space()='Continue Shopping']]'.</msg>
<arg>${paymentSuccess_locator.click_continue_shopping}</arg>
<doc>Click the element identified by ``locator``.</doc>
<status status="PASS" start="2025-04-18T12:16:13.134577" elapsed="0.051738"/>
</kw>
<arg>10s</arg>
<arg>1s</arg>
<arg>Click Element</arg>
<arg>${paymentSuccess_locator.click_continue_shopping}</arg>
<doc>Runs the specified keyword and retries if it fails.</doc>
<status status="PASS" start="2025-04-18T12:16:11.000533" elapsed="2.185926"/>
</kw>
<status status="PASS" start="2025-04-18T12:16:10.980040" elapsed="2.206482"/>
</kw>
<kw name="checkOrder" owner="checkOrder_feature">
<kw name="Click user icon" owner="home_page">
<kw name="Wait Until Element Is Visible" owner="SeleniumLibrary">
<arg>${home_locator.click_user_icon}</arg>
<arg>5s</arg>
<doc>Waits until the element ``locator`` is visible.</doc>
<status status="PASS" start="2025-04-18T12:16:13.187383" elapsed="0.010864"/>
</kw>
<kw name="Click Element" owner="SeleniumLibrary">
<msg time="2025-04-18T12:16:13.198637" level="INFO">Clicking element 'css=span.anticon-user.icon-size'.</msg>
<arg>${home_locator.click_user_icon}</arg>
<doc>Click the element identified by ``locator``.</doc>
<status status="PASS" start="2025-04-18T12:16:13.198425" elapsed="0.035340"/>
</kw>
<status status="PASS" start="2025-04-18T12:16:13.187188" elapsed="0.046679"/>
</kw>
<kw name="Get order id" owner="paymentSuccess_page">
<kw name="Execute Javascript" owner="SeleniumLibrary">
<msg time="2025-04-18T12:16:13.234664" level="INFO">Executing JavaScript:
document.querySelector('.success-description')?.scrollIntoView()
Without any arguments.</msg>
<arg>document.querySelector('.success-description')?.scrollIntoView()</arg>
<doc>Executes the given JavaScript code with possible arguments.</doc>
<status status="PASS" start="2025-04-18T12:16:13.234377" elapsed="0.003957"/>
</kw>
<kw name="Wait Until Keyword Succeeds" owner="BuiltIn">
<kw name="Verify Order Text Contains Order ID" owner="paymentSuccess_page">
<kw name="Execute Javascript" owner="SeleniumLibrary">
<msg time="2025-04-18T12:16:13.239521" level="INFO">Executing JavaScript:
return document.body.innerText
Without any arguments.</msg>
<msg time="2025-04-18T12:16:13.242201" level="INFO">${text} = Doppee
Logout</msg>
<var>${text}</var>
<arg>return document.body.innerText</arg>
<doc>Executes the given JavaScript code with possible arguments.</doc>
<status status="PASS" start="2025-04-18T12:16:13.239257" elapsed="0.002972"/>
</kw>
<kw name="Should Match Regexp" owner="BuiltIn">
<msg time="2025-04-18T12:16:13.242564" level="FAIL">'Doppee
Logout' does not match '(?i)order id'</msg>
<arg>${text}</arg>
<arg>(?i)order id</arg>
<doc>Fails if ``string`` does not match ``pattern`` as a regular expression.</doc>
<status status="FAIL" start="2025-04-18T12:16:13.242362" elapsed="0.000275">'Doppee
Logout' does not match '(?i)order id'</status>
</kw>
<status status="FAIL" start="2025-04-18T12:16:13.238906" elapsed="0.003825">'Doppee
Logout' does not match '(?i)order id'</status>
</kw>
<kw name="Verify Order Text Contains Order ID" owner="paymentSuccess_page">
<kw name="Execute Javascript" owner="SeleniumLibrary">
<msg time="2025-04-18T12:16:14.243974" level="INFO">Executing JavaScript:
return document.body.innerText
Without any arguments.</msg>
<msg time="2025-04-18T12:16:14.247351" level="INFO">${text} = Doppee
Logout
Edit user infomation
First name
Last name
Email
testgjn2hh@gmail.com
Phone
Shipping Address
123 Magic Street
My Coupon
My Order
Pending payment
Preparing
On Delivery
Delivery
Refund / Ca...</msg>
<var>${text}</var>
<arg>return document.body.innerText</arg>
<doc>Executes the given JavaScript code with possible arguments.</doc>
<status status="PASS" start="2025-04-18T12:16:14.243707" elapsed="0.003684"/>
</kw>
<kw name="Should Match Regexp" owner="BuiltIn">
<arg>${text}</arg>
<arg>(?i)order id</arg>
<doc>Fails if ``string`` does not match ``pattern`` as a regular expression.</doc>
<status status="PASS" start="2025-04-18T12:16:14.247568" elapsed="0.000149"/>
</kw>
<status status="PASS" start="2025-04-18T12:16:14.243424" elapsed="0.004345"/>
</kw>
<arg>15s</arg>
<arg>1s</arg>
<arg>Verify Order Text Contains Order ID</arg>
<doc>Runs the specified keyword and retries if it fails.</doc>
<status status="PASS" start="2025-04-18T12:16:13.238528" elapsed="1.009280"/>
</kw>
<kw name="Execute Javascript" owner="SeleniumLibrary">
<msg time="2025-04-18T12:16:14.248188" level="INFO">Executing JavaScript:
return document.body.innerText
Without any arguments.</msg>
<msg time="2025-04-18T12:16:14.250702" level="INFO">${order_text} = Doppee
Logout
Edit user infomation
First name
Last name
Email
testgjn2hh@gmail.com
Phone
Shipping Address
123 Magic Street
My Coupon
My Order
Pending payment
Preparing
On Delivery
Delivery
Refund / Ca...</msg>
<var>${order_text}</var>
<arg>return document.body.innerText</arg>
<doc>Executes the given JavaScript code with possible arguments.</doc>
<status status="PASS" start="2025-04-18T12:16:14.247929" elapsed="0.002806"/>
</kw>
<kw name="Log" owner="BuiltIn">
<msg time="2025-04-18T12:16:14.251027" level="INFO">ORDER TEXT = Doppee
Logout
Edit user infomation
First name
Last name
Email
testgjn2hh@gmail.com
Phone
Shipping Address
123 Magic Street
My Coupon
My Order
Pending payment
Preparing
On Delivery
Delivery
Refund / Cancel
Order ID	Status
11646	Pending payment</msg>
<arg>ORDER TEXT = ${order_text}</arg>
<doc>Logs the given message with the given level.</doc>
<status status="PASS" start="2025-04-18T12:16:14.250890" elapsed="0.000171"/>
</kw>
<kw name="Evaluate" owner="BuiltIn">
<msg time="2025-04-18T12:16:14.251440" level="INFO">${ORDER_ID} = 11646</msg>
<var>${ORDER_ID}</var>
<arg>re.findall(r'\\b\\d{5}\\b', '''${order_text}''')[0]</arg>
<arg>re</arg>
<doc>Evaluates the given expression in Python and returns the result.</doc>
<status status="PASS" start="2025-04-18T12:16:14.251168" elapsed="0.000294"/>
</kw>
<kw name="Log" owner="BuiltIn">
<msg time="2025-04-18T12:16:14.251678" level="INFO">EXTRACTED ORDER ID = 11646</msg>
<arg>EXTRACTED ORDER ID = ${ORDER_ID}</arg>
<doc>Logs the given message with the given level.</doc>
<status status="PASS" start="2025-04-18T12:16:14.251574" elapsed="0.000161"/>
</kw>
<kw name="Return From Keyword" owner="BuiltIn">
<msg time="2025-04-18T12:16:14.251903" level="INFO">Returning from the enclosing user keyword.</msg>
<arg>${ORDER_ID}</arg>
<doc>Returns from the enclosing user keyword.</doc>
<status status="PASS" start="2025-04-18T12:16:14.251854" elapsed="0.000097"/>
</kw>
<kw name="Log To Console" owner="BuiltIn">
<arg>✅ Extracted Order ID = ${ORDER_ID}</arg>
<doc>Logs the given message to the console.</doc>
<status status="NOT RUN" start="2025-04-18T12:16:14.252051" elapsed="0.000018"/>
</kw>
<msg time="2025-04-18T12:16:14.252154" level="INFO">${order_id} = 11646</msg>
<var>${order_id}</var>
<status status="PASS" start="2025-04-18T12:16:13.234137" elapsed="1.018035"/>
</kw>
<kw name="Wait for pending payment" owner="account_page">
<kw name="Wait Until Element Is Visible" owner="SeleniumLibrary">
<arg>${account_locator.click_pending_payment}</arg>
<arg>10s</arg>
<doc>Waits until the element ``locator`` is visible.</doc>
<status status="PASS" start="2025-04-18T12:16:14.252474" elapsed="0.012465"/>
</kw>
<status status="PASS" start="2025-04-18T12:16:14.252305" elapsed="0.012733"/>
</kw>
<kw name="Check order number" owner="account_page">
<kw name="Run Keyword And Return Status" owner="BuiltIn">
<kw name="Element Should Be Visible" owner="SeleniumLibrary">
<msg time="2025-04-18T12:16:14.277965" level="INFO">Element 'xpath=//td[contains(text(), '11646')]' is displayed.</msg>
<arg>xpath=//td[contains(text(), '${ORDER_ID}')]</arg>
<doc>Verifies that the element identified by ``locator`` is visible.</doc>
<status status="PASS" start="2025-04-18T12:16:14.265664" elapsed="0.012387"/>
</kw>
<msg time="2025-04-18T12:16:14.278150" level="INFO">${order_found} = True</msg>
<var>${order_found}</var>
<arg>SeleniumLibrary.Element Should Be Visible</arg>
<arg>xpath=//td[contains(text(), '${ORDER_ID}')]</arg>
<doc>Runs the given keyword with given arguments and returns the status as a Boolean value.</doc>
<status status="PASS" start="2025-04-18T12:16:14.265524" elapsed="0.012646"/>
</kw>
<kw name="Should Be True" owner="BuiltIn">
<arg>${order_found}</arg>
<arg>Order ID should be present in the table</arg>
<doc>Fails if the given condition is not true.</doc>
<status status="PASS" start="2025-04-18T12:16:14.278335" elapsed="0.000157"/>
</kw>
<arg>${order_id}</arg>
<status status="PASS" start="2025-04-18T12:16:14.265232" elapsed="0.013316"/>
</kw>
<status status="PASS" start="2025-04-18T12:16:13.186882" elapsed="1.091715"/>
</kw>
<status status="PASS" start="2025-04-18T12:16:02.928165" elapsed="11.350657"/>
</test>
<test id="s1-t2" name="TC02" line="21">
<kw name="Generate Random String" owner="String">
<msg time="2025-04-18T12:16:14.279651" level="INFO">${RANDOM} = 6x5nvN</msg>
<var>${RANDOM}</var>
<arg>6</arg>
<doc>Generates a string with a desired ``length`` from the given ``chars``.</doc>
<status status="PASS" start="2025-04-18T12:16:14.279474" elapsed="0.000199"/>
</kw>
<kw name="Set Variable" owner="BuiltIn">
<msg time="2025-04-18T12:16:14.279950" level="INFO">${EMAIL} = test6x5nvN@gmail.com</msg>
<var>${EMAIL}</var>
<arg>test${RANDOM}@gmail.com</arg>
<doc>Returns the given values which can then be assigned to a variables.</doc>
<status status="PASS" start="2025-04-18T12:16:14.279830" elapsed="0.000140"/>
</kw>
<kw name="Open doppio-training website" owner="common_page">
<kw name="Open Browser" owner="SeleniumLibrary">
<msg time="2025-04-18T12:16:14.281208" level="INFO">Opening browser 'chrome' to base url 'https://training-platform.doppio-tech.com'.</msg>
<arg>${global.url}</arg>
<arg>${global.browser}</arg>
<doc>Opens a new browser instance to the optional ``url``.</doc>
<status status="PASS" start="2025-04-18T12:16:14.280434" elapsed="2.030452"/>
</kw>
<kw name="Maximize Browser Window" owner="SeleniumLibrary">
<doc>Maximizes current browser window.</doc>
<status status="PASS" start="2025-04-18T12:16:16.311149" elapsed="0.029608"/>
</kw>
<status status="PASS" start="2025-04-18T12:16:14.280207" elapsed="2.060650"/>
</kw>
<kw name="Register" owner="register_feature">
<kw name="Click user icon" owner="home_page">
<kw name="Wait Until Element Is Visible" owner="SeleniumLibrary">
<arg>${home_locator.click_user_icon}</arg>
<arg>5s</arg>
<doc>Waits until the element ``locator`` is visible.</doc>
<status status="PASS" start="2025-04-18T12:16:16.341697" elapsed="0.017757"/>
</kw>
<kw name="Click Element" owner="SeleniumLibrary">
<msg time="2025-04-18T12:16:16.359860" level="INFO">Clicking element 'css=span.anticon-user.icon-size'.</msg>
<arg>${home_locator.click_user_icon}</arg>
<doc>Click the element identified by ``locator``.</doc>
<status status="PASS" start="2025-04-18T12:16:16.359657" elapsed="0.112163"/>
</kw>
<status status="PASS" start="2025-04-18T12:16:16.341507" elapsed="0.130458"/>
</kw>
<kw name="Click signup button" owner="login_page">
<kw name="Click Element" owner="SeleniumLibrary">
<msg time="2025-04-18T12:16:16.472698" level="INFO">Clicking element 'xpath=//button[span[text()='Sign up']]'.</msg>
<arg>${login_locator.click_signup_button}</arg>
<doc>Click the element identified by ``locator``.</doc>
<status status="PASS" start="2025-04-18T12:16:16.472487" elapsed="0.085390"/>
</kw>
<status status="PASS" start="2025-04-18T12:16:16.472216" elapsed="0.085804"/>
</kw>
<kw name="Input username" owner="register_page">
<kw name="Input Text" owner="SeleniumLibrary">
<msg time="2025-04-18T12:16:16.559031" level="INFO">Typing text 'test6x5nvN@gmail.com' into text field 'id=basic_username'.</msg>
<arg>${register_locator.input_username}</arg>
<arg>${EMAIL}</arg>
<doc>Types the given ``text`` into the text field identified by ``locator``.</doc>
<status status="PASS" start="2025-04-18T12:16:16.558784" elapsed="0.105205"/>
</kw>
<arg>${EMAIL}</arg>
<status status="PASS" start="2025-04-18T12:16:16.558297" elapsed="0.105793"/>
</kw>
<kw name="Input password" owner="register_page">
<kw name="Input Text" owner="SeleniumLibrary">
<msg time="2025-04-18T12:16:16.665077" level="INFO">Typing text 'Test123*' into text field 'id=basic_password'.</msg>
<arg>${register_locator.input_password}</arg>
<arg>${global.password}</arg>
<doc>Types the given ``text`` into the text field identified by ``locator``.</doc>
<status status="PASS" start="2025-04-18T12:16:16.664524" elapsed="0.067315"/>
</kw>
<status status="PASS" start="2025-04-18T12:16:16.664295" elapsed="0.067646"/>
</kw>
<kw name="Confirm password" owner="register_page">
<kw name="Input Text" owner="SeleniumLibrary">
<msg time="2025-04-18T12:16:16.732910" level="INFO">Typing text 'Test123*' into text field 'id=basic_confirmPassword'.</msg>
<arg>${register_locator.input_confirm_password}</arg>
<arg>${global.password}</arg>
<doc>Types the given ``text`` into the text field identified by ``locator``.</doc>
<status status="PASS" start="2025-04-18T12:16:16.732435" elapsed="0.063809"/>
</kw>
<status status="PASS" start="2025-04-18T12:16:16.732213" elapsed="0.064143"/>
</kw>
<kw name="Click signup button" owner="register_page">
<kw name="Click Button" owner="SeleniumLibrary">
<msg time="2025-04-18T12:16:16.797046" level="INFO">Clicking button 'xpath=//button[.//span[text()='SIGNUP']]'.</msg>
<arg>${register_locator.click_signup_button}</arg>
<doc>Clicks the button identified by ``locator``.</doc>
<status status="PASS" start="2025-04-18T12:16:16.796898" elapsed="0.056231"/>
</kw>
<status status="PASS" start="2025-04-18T12:16:16.796615" elapsed="0.056622"/>
</kw>
<kw name="Click signup successfully popup" owner="register_page">
<kw name="Wait Until Element Is Visible" owner="SeleniumLibrary">
<arg>${register_locator.click_signup_successfully_popup}</arg>
<arg>5s</arg>
<doc>Waits until the element ``locator`` is visible.</doc>
<status status="PASS" start="2025-04-18T12:16:16.853686" elapsed="0.222812"/>
</kw>
<kw name="Click Button" owner="SeleniumLibrary">
<msg time="2025-04-18T12:16:17.076905" level="INFO">Clicking button 'xpath=//button[.//span[text()='OK']]'.</msg>
<arg>${register_locator.click_signup_successfully_popup}</arg>
<doc>Clicks the button identified by ``locator``.</doc>
<status status="PASS" start="2025-04-18T12:16:17.076708" elapsed="0.044759"/>
</kw>
<status status="PASS" start="2025-04-18T12:16:16.853433" elapsed="0.268133"/>
</kw>
<arg>${EMAIL}</arg>
<status status="PASS" start="2025-04-18T12:16:16.341219" elapsed="0.780390"/>
</kw>
<kw name="logout" owner="logout_feature">
<kw name="Click user icon" owner="home_page">
<kw name="Wait Until Element Is Visible" owner="SeleniumLibrary">
<arg>${home_locator.click_user_icon}</arg>
<arg>5s</arg>
<doc>Waits until the element ``locator`` is visible.</doc>
<status status="PASS" start="2025-04-18T12:16:17.122348" elapsed="0.225769"/>
</kw>
<kw name="Click Element" owner="SeleniumLibrary">
<msg time="2025-04-18T12:16:17.348498" level="INFO">Clicking element 'css=span.anticon-user.icon-size'.</msg>
<arg>${home_locator.click_user_icon}</arg>
<doc>Click the element identified by ``locator``.</doc>
<status status="PASS" start="2025-04-18T12:16:17.348311" elapsed="0.237385"/>
</kw>
<status status="PASS" start="2025-04-18T12:16:17.122182" elapsed="0.463625"/>
</kw>
<kw name="Click logout" owner="account_page">
<kw name="Wait Until Element Is Visible" owner="SeleniumLibrary">
<arg>${account_locator.click_logout}</arg>
<arg>5s</arg>
<doc>Waits until the element ``locator`` is visible.</doc>
<status status="PASS" start="2025-04-18T12:16:17.586817" elapsed="0.012234"/>
</kw>
<kw name="Click Button" owner="SeleniumLibrary">
<msg time="2025-04-18T12:16:17.599465" level="INFO">Clicking button 'css=button.ant-btn-dangerous'.</msg>
<arg>${account_locator.click_logout}</arg>
<doc>Clicks the button identified by ``locator``.</doc>
<status status="PASS" start="2025-04-18T12:16:17.599283" elapsed="0.227605"/>
</kw>
<status status="PASS" start="2025-04-18T12:16:17.586253" elapsed="0.240740"/>
</kw>
<kw name="Click user icon" owner="home_page">
<kw name="Wait Until Element Is Visible" owner="SeleniumLibrary">
<arg>${home_locator.click_user_icon}</arg>
<arg>5s</arg>
<doc>Waits until the element ``locator`` is visible.</doc>
<status status="PASS" start="2025-04-18T12:16:17.827478" elapsed="0.016265"/>
</kw>
<kw name="Click Element" owner="SeleniumLibrary">
<msg time="2025-04-18T12:16:17.844132" level="INFO">Clicking element 'css=span.anticon-user.icon-size'.</msg>
<arg>${home_locator.click_user_icon}</arg>
<doc>Click the element identified by ``locator``.</doc>
<status status="PASS" start="2025-04-18T12:16:17.843942" elapsed="0.056589"/>
</kw>
<status status="PASS" start="2025-04-18T12:16:17.827216" elapsed="0.073426"/>
</kw>
<status status="PASS" start="2025-04-18T12:16:17.121942" elapsed="0.778785"/>
</kw>
<kw name="login" owner="login_feature">
<kw name="Input email" owner="login_page">
<kw name="Wait Until Element Is Visible" owner="SeleniumLibrary">
<arg>${login_locator.input_email}</arg>
<arg>5s</arg>
<doc>Waits until the element ``locator`` is visible.</doc>
<status status="PASS" start="2025-04-18T12:16:17.902243" elapsed="0.017836"/>
</kw>
<kw name="Input Text" owner="SeleniumLibrary">
<msg time="2025-04-18T12:16:17.921180" level="INFO">Typing text 'test6x5nvN@gmail.com' into text field 'xpath=(//input[@type='text'])[1]'.</msg>
<arg>${login_locator.input_email}</arg>
<arg>${EMAIL}</arg>
<doc>Types the given ``text`` into the text field identified by ``locator``.</doc>
<status status="PASS" start="2025-04-18T12:16:17.920669" elapsed="0.057093"/>
</kw>
<arg>${EMAIL}</arg>
<status status="PASS" start="2025-04-18T12:16:17.901951" elapsed="0.076009"/>
</kw>
<kw name="Input password" owner="login_page">
<kw name="Input Text" owner="SeleniumLibrary">
<msg time="2025-04-18T12:16:17.981310" level="INFO">Typing text 'Test123*' into text field 'xpath=(//input[@type='password'])[1]'.</msg>
<arg>${login_locator.input_password}</arg>
<arg>${global.password}</arg>
<doc>Types the given ``text`` into the text field identified by ``locator``.</doc>
<status status="PASS" start="2025-04-18T12:16:17.978491" elapsed="0.056007"/>
</kw>
<status status="PASS" start="2025-04-18T12:16:17.978257" elapsed="0.056343"/>
</kw>
<kw name="Click login button" owner="login_page">
<kw name="Click Button" owner="SeleniumLibrary">
<msg time="2025-04-18T12:16:18.035156" level="INFO">Clicking button 'xpath=//button[contains(@class,'button-login')]'.</msg>
<arg>${login_locator.click_login_button}</arg>
<doc>Clicks the button identified by ``locator``.</doc>
<status status="PASS" start="2025-04-18T12:16:18.035002" elapsed="0.053148"/>
</kw>
<status status="PASS" start="2025-04-18T12:16:18.034788" elapsed="0.053457"/>
</kw>
<kw name="Click login successfully popup" owner="login_page">
<kw name="Wait Until Element Is Visible" owner="SeleniumLibrary">
<arg>${login_locator.click_login_successfully_popup}</arg>
<arg>5s</arg>
<doc>Waits until the element ``locator`` is visible.</doc>
<status status="PASS" start="2025-04-18T12:16:18.088686" elapsed="0.443668"/>
</kw>
<kw name="Click Button" owner="SeleniumLibrary">
<msg time="2025-04-18T12:16:18.532917" level="INFO">Clicking button 'xpath=//button[.//span[text()='OK']]'.</msg>
<arg>${login_locator.click_login_successfully_popup}</arg>
<doc>Clicks the button identified by ``locator``.</doc>
<status status="PASS" start="2025-04-18T12:16:18.532636" elapsed="0.063095"/>
</kw>
<status status="PASS" start="2025-04-18T12:16:18.088452" elapsed="0.507386"/>
</kw>
<arg>${EMAIL}</arg>
<status status="PASS" start="2025-04-18T12:16:17.901300" elapsed="0.694579"/>
</kw>
<kw name="Search" owner="search_feature">
<kw name="Input search keyword" owner="home_page">
<kw name="Wait Until Element Is Visible" owner="SeleniumLibrary">
<arg>${home_locator.input_search_keyword}</arg>
<arg>5s</arg>
<doc>Waits until the element ``locator`` is visible.</doc>
<status status="PASS" start="2025-04-18T12:16:18.596846" elapsed="0.019019"/>
</kw>
<kw name="Input Text" owner="SeleniumLibrary">
<msg time="2025-04-18T12:16:18.616496" level="INFO">Typing text 'coppee' into text field 'xpath=//input[@placeholder='input search text']'.</msg>
<arg>${home_locator.input_search_keyword}</arg>
<arg>${KEYWORD}</arg>
<doc>Types the given ``text`` into the text field identified by ``locator``.</doc>
<status status="PASS" start="2025-04-18T12:16:18.616203" elapsed="0.063426"/>
</kw>
<arg>${SEARCH_KEYWORD}</arg>
<status status="PASS" start="2025-04-18T12:16:18.596588" elapsed="0.083144"/>
</kw>
<kw name="Click search" owner="home_page">
<kw name="Click Button" owner="SeleniumLibrary">
<msg time="2025-04-18T12:16:18.680292" level="INFO">Clicking button 'xpath=//button[contains(@class, 'ant-input-search-button')]'.</msg>
<arg>${home_locator.click_search}</arg>
<doc>Clicks the button identified by ``locator``.</doc>
<status status="PASS" start="2025-04-18T12:16:18.680143" elapsed="0.190383"/>
</kw>
<status status="PASS" start="2025-04-18T12:16:18.679923" elapsed="0.190856"/>
</kw>
<arg>coppee</arg>
<status status="PASS" start="2025-04-18T12:16:18.596243" elapsed="0.274646"/>
</kw>
<kw name="checkProductInfo" owner="checkProductInfo_feature">
<kw name="Check if the description is correct" owner="home_page">
<kw name="Wait Until Element Is Visible" owner="SeleniumLibrary">
<arg>${home_locator.Check if the description is correct}</arg>
<arg>5s</arg>
<doc>Waits until the element ``locator`` is visible.</doc>
<status status="PASS" start="2025-04-18T12:16:18.871696" elapsed="0.218961"/>
</kw>
<kw name="Element Text Should Be" owner="SeleniumLibrary">
<msg time="2025-04-18T12:16:19.091726" level="INFO">Verifying element 'xpath=//div[contains(@class, "ant-card-meta-description")]' contains exact text 'good'.</msg>
<arg>${home_locator.Check if the description is correct}</arg>
<arg>${productInfo.description}</arg>
<doc>Verifies that element ``locator`` contains exact the text ``expected``.</doc>
<status status="PASS" start="2025-04-18T12:16:19.090966" elapsed="0.012800"/>
</kw>
<status status="PASS" start="2025-04-18T12:16:18.871539" elapsed="0.232348"/>
</kw>
<kw name="Check if the amount is corrrect" owner="home_page">
<kw name="Wait Until Element Is Visible" owner="SeleniumLibrary">
<arg>${home_locator.Check if the amount is corrrect}</arg>
<arg>5s</arg>
<doc>Waits until the element ``locator`` is visible.</doc>
<status status="PASS" start="2025-04-18T12:16:19.104405" elapsed="0.013899"/>
</kw>
<kw name="Element Text Should Be" owner="SeleniumLibrary">
<msg time="2025-04-18T12:16:19.119395" level="INFO">Verifying element 'xpath=//span[contains(text(), "ชิ้น")]' contains exact text '19 ชิ้น'.</msg>
<arg>${home_locator.Check if the amount is corrrect}</arg>
<arg>${productInfo.amount}</arg>
<doc>Verifies that element ``locator`` contains exact the text ``expected``.</doc>
<status status="PASS" start="2025-04-18T12:16:19.118573" elapsed="0.009546"/>
</kw>
<status status="PASS" start="2025-04-18T12:16:19.104113" elapsed="0.024115"/>
</kw>
<kw name="Check if the discount price is correct" owner="home_page">
<kw name="Wait Until Element Is Visible" owner="SeleniumLibrary">
<arg>${home_locator.Check if the discount price is correct}</arg>
<arg>5s</arg>
<doc>Waits until the element ``locator`` is visible.</doc>
<status status="PASS" start="2025-04-18T12:16:19.128780" elapsed="0.011232"/>
</kw>
<kw name="Element Text Should Be" owner="SeleniumLibrary">
<msg time="2025-04-18T12:16:19.141090" level="INFO">Verifying element 'xpath=//span[contains(text(), "discount")]' contains exact text '20 THB discount'.</msg>
<arg>${home_locator.Check if the discount price is correct}</arg>
<arg>${productInfo.discount}</arg>
<doc>Verifies that element ``locator`` contains exact the text ``expected``.</doc>
<status status="PASS" start="2025-04-18T12:16:19.140242" elapsed="0.008764"/>
</kw>
<status status="PASS" start="2025-04-18T12:16:19.128470" elapsed="0.020614"/>
</kw>
<status status="PASS" start="2025-04-18T12:16:18.871291" elapsed="0.277835"/>
</kw>
<status status="PASS" start="2025-04-18T12:16:14.279165" elapsed="4.870191"/>
</test>
<status status="PASS" start="2025-04-18T12:16:02.759369" elapsed="16.390478"/>
</suite>
<statistics>
<total>
<stat pass="2" fail="0" skip="0">All Tests</stat>
</total>
<tag>
</tag>
<suite>
<stat name="Test" id="s1" pass="2" fail="0" skip="0">Test</stat>
</suite>
</statistics>
<errors>
</errors>
</robot>
